<?xml version="1.0" encoding="UTF-8"?>
<!DOCTYPE coverage SYSTEM "https://raw.githubusercontent.com/cobertura/cobertura/master/cobertura/src/site/htdocs/xml/coverage-04.dtd">
<coverage line-rate="0.896440129449838" branch-rate="0" lines-covered="1385" lines-valid="1545" branches-covered="0" branches-valid="0" complexity="0" version="3.6.4" timestamp="2025-05-23 14:28:38.04608">
  <sources>
    <source>C:/Users/fabri/OneDrive/Programming/r/repos/rFishStatus</source>
  </sources>
  <packages>
    <package name="rFishStatus" line-rate="0.896440129449838" branch-rate="0" complexity="0">
      <classes>
        <class name="rfs_download_occ_data.R" filename="R/rfs_download_occ_data.R" line-rate="0.0709677419354839" branch-rate="0" complexity="0">
          <methods>
            <method name="rfs_download_occ_data" signature="" line-rate="0.0709677419354839" branch-rate="0" complexity="0">
              <lines>
                <line number="47" hits="3" branch="false"/>
                <line number="49" hits="3" branch="false"/>
                <line number="50" hits="1" branch="false"/>
                <line number="52" hits="2" branch="false"/>
                <line number="53" hits="1" branch="false"/>
                <line number="56" hits="1" branch="false"/>
                <line number="57" hits="1" branch="false"/>
                <line number="58" hits="1" branch="false"/>
                <line number="60" hits="1" branch="false"/>
                <line number="61" hits="1" branch="false"/>
                <line number="62" hits="1" branch="false"/>
                <line number="64" hits="0" branch="false"/>
                <line number="65" hits="0" branch="false"/>
                <line number="66" hits="0" branch="false"/>
                <line number="68" hits="0" branch="false"/>
                <line number="69" hits="0" branch="false"/>
                <line number="70" hits="0" branch="false"/>
                <line number="71" hits="0" branch="false"/>
                <line number="72" hits="0" branch="false"/>
                <line number="73" hits="0" branch="false"/>
                <line number="74" hits="0" branch="false"/>
                <line number="75" hits="0" branch="false"/>
                <line number="76" hits="0" branch="false"/>
                <line number="77" hits="0" branch="false"/>
                <line number="78" hits="0" branch="false"/>
                <line number="79" hits="0" branch="false"/>
                <line number="81" hits="0" branch="false"/>
                <line number="83" hits="0" branch="false"/>
                <line number="85" hits="0" branch="false"/>
                <line number="86" hits="0" branch="false"/>
                <line number="88" hits="0" branch="false"/>
                <line number="89" hits="0" branch="false"/>
                <line number="90" hits="0" branch="false"/>
                <line number="91" hits="0" branch="false"/>
                <line number="92" hits="0" branch="false"/>
                <line number="93" hits="0" branch="false"/>
                <line number="94" hits="0" branch="false"/>
                <line number="95" hits="0" branch="false"/>
                <line number="96" hits="0" branch="false"/>
                <line number="97" hits="0" branch="false"/>
                <line number="99" hits="0" branch="false"/>
                <line number="100" hits="0" branch="false"/>
                <line number="101" hits="0" branch="false"/>
                <line number="102" hits="0" branch="false"/>
                <line number="103" hits="0" branch="false"/>
                <line number="104" hits="0" branch="false"/>
                <line number="105" hits="0" branch="false"/>
                <line number="107" hits="0" branch="false"/>
                <line number="109" hits="0" branch="false"/>
                <line number="112" hits="0" branch="false"/>
                <line number="113" hits="0" branch="false"/>
                <line number="115" hits="0" branch="false"/>
                <line number="116" hits="0" branch="false"/>
                <line number="117" hits="0" branch="false"/>
                <line number="118" hits="0" branch="false"/>
                <line number="121" hits="0" branch="false"/>
                <line number="123" hits="0" branch="false"/>
                <line number="125" hits="0" branch="false"/>
                <line number="126" hits="0" branch="false"/>
                <line number="127" hits="0" branch="false"/>
                <line number="128" hits="0" branch="false"/>
                <line number="129" hits="0" branch="false"/>
                <line number="130" hits="0" branch="false"/>
                <line number="131" hits="0" branch="false"/>
                <line number="132" hits="0" branch="false"/>
                <line number="133" hits="0" branch="false"/>
                <line number="134" hits="0" branch="false"/>
                <line number="135" hits="0" branch="false"/>
                <line number="136" hits="0" branch="false"/>
                <line number="139" hits="0" branch="false"/>
                <line number="140" hits="0" branch="false"/>
                <line number="141" hits="0" branch="false"/>
                <line number="142" hits="0" branch="false"/>
                <line number="143" hits="0" branch="false"/>
                <line number="144" hits="0" branch="false"/>
                <line number="146" hits="0" branch="false"/>
                <line number="147" hits="0" branch="false"/>
                <line number="149" hits="0" branch="false"/>
                <line number="150" hits="0" branch="false"/>
                <line number="151" hits="0" branch="false"/>
                <line number="152" hits="0" branch="false"/>
                <line number="153" hits="0" branch="false"/>
                <line number="155" hits="0" branch="false"/>
                <line number="157" hits="0" branch="false"/>
                <line number="158" hits="0" branch="false"/>
                <line number="159" hits="0" branch="false"/>
                <line number="160" hits="0" branch="false"/>
                <line number="161" hits="0" branch="false"/>
                <line number="162" hits="0" branch="false"/>
                <line number="163" hits="0" branch="false"/>
                <line number="164" hits="0" branch="false"/>
                <line number="165" hits="0" branch="false"/>
                <line number="167" hits="0" branch="false"/>
                <line number="168" hits="0" branch="false"/>
                <line number="169" hits="0" branch="false"/>
                <line number="170" hits="0" branch="false"/>
                <line number="171" hits="0" branch="false"/>
                <line number="173" hits="0" branch="false"/>
                <line number="174" hits="0" branch="false"/>
                <line number="175" hits="0" branch="false"/>
                <line number="176" hits="0" branch="false"/>
                <line number="177" hits="0" branch="false"/>
                <line number="179" hits="0" branch="false"/>
                <line number="180" hits="0" branch="false"/>
                <line number="181" hits="0" branch="false"/>
                <line number="182" hits="0" branch="false"/>
                <line number="183" hits="0" branch="false"/>
                <line number="184" hits="0" branch="false"/>
                <line number="185" hits="0" branch="false"/>
                <line number="186" hits="0" branch="false"/>
                <line number="188" hits="0" branch="false"/>
                <line number="189" hits="0" branch="false"/>
                <line number="190" hits="0" branch="false"/>
                <line number="191" hits="0" branch="false"/>
                <line number="192" hits="0" branch="false"/>
                <line number="195" hits="0" branch="false"/>
                <line number="196" hits="0" branch="false"/>
                <line number="198" hits="0" branch="false"/>
                <line number="201" hits="0" branch="false"/>
                <line number="202" hits="0" branch="false"/>
                <line number="203" hits="0" branch="false"/>
                <line number="204" hits="0" branch="false"/>
                <line number="205" hits="0" branch="false"/>
                <line number="206" hits="0" branch="false"/>
                <line number="207" hits="0" branch="false"/>
                <line number="208" hits="0" branch="false"/>
                <line number="209" hits="0" branch="false"/>
                <line number="210" hits="0" branch="false"/>
                <line number="211" hits="0" branch="false"/>
                <line number="212" hits="0" branch="false"/>
                <line number="213" hits="0" branch="false"/>
                <line number="214" hits="0" branch="false"/>
                <line number="216" hits="0" branch="false"/>
                <line number="217" hits="0" branch="false"/>
                <line number="218" hits="0" branch="false"/>
                <line number="220" hits="0" branch="false"/>
                <line number="221" hits="0" branch="false"/>
                <line number="222" hits="0" branch="false"/>
                <line number="223" hits="0" branch="false"/>
                <line number="224" hits="0" branch="false"/>
                <line number="225" hits="0" branch="false"/>
                <line number="226" hits="0" branch="false"/>
                <line number="227" hits="0" branch="false"/>
                <line number="228" hits="0" branch="false"/>
                <line number="229" hits="0" branch="false"/>
                <line number="230" hits="0" branch="false"/>
                <line number="231" hits="0" branch="false"/>
                <line number="232" hits="0" branch="false"/>
                <line number="233" hits="0" branch="false"/>
                <line number="234" hits="0" branch="false"/>
                <line number="235" hits="0" branch="false"/>
                <line number="236" hits="0" branch="false"/>
                <line number="237" hits="0" branch="false"/>
                <line number="238" hits="0" branch="false"/>
                <line number="239" hits="0" branch="false"/>
              </lines>
            </method>
          </methods>
          <lines>
            <line number="47" hits="3" branch="false"/>
            <line number="49" hits="3" branch="false"/>
            <line number="50" hits="1" branch="false"/>
            <line number="52" hits="2" branch="false"/>
            <line number="53" hits="1" branch="false"/>
            <line number="56" hits="1" branch="false"/>
            <line number="57" hits="1" branch="false"/>
            <line number="58" hits="1" branch="false"/>
            <line number="60" hits="1" branch="false"/>
            <line number="61" hits="1" branch="false"/>
            <line number="62" hits="1" branch="false"/>
            <line number="64" hits="0" branch="false"/>
            <line number="65" hits="0" branch="false"/>
            <line number="66" hits="0" branch="false"/>
            <line number="68" hits="0" branch="false"/>
            <line number="69" hits="0" branch="false"/>
            <line number="70" hits="0" branch="false"/>
            <line number="71" hits="0" branch="false"/>
            <line number="72" hits="0" branch="false"/>
            <line number="73" hits="0" branch="false"/>
            <line number="74" hits="0" branch="false"/>
            <line number="75" hits="0" branch="false"/>
            <line number="76" hits="0" branch="false"/>
            <line number="77" hits="0" branch="false"/>
            <line number="78" hits="0" branch="false"/>
            <line number="79" hits="0" branch="false"/>
            <line number="81" hits="0" branch="false"/>
            <line number="83" hits="0" branch="false"/>
            <line number="85" hits="0" branch="false"/>
            <line number="86" hits="0" branch="false"/>
            <line number="88" hits="0" branch="false"/>
            <line number="89" hits="0" branch="false"/>
            <line number="90" hits="0" branch="false"/>
            <line number="91" hits="0" branch="false"/>
            <line number="92" hits="0" branch="false"/>
            <line number="93" hits="0" branch="false"/>
            <line number="94" hits="0" branch="false"/>
            <line number="95" hits="0" branch="false"/>
            <line number="96" hits="0" branch="false"/>
            <line number="97" hits="0" branch="false"/>
            <line number="99" hits="0" branch="false"/>
            <line number="100" hits="0" branch="false"/>
            <line number="101" hits="0" branch="false"/>
            <line number="102" hits="0" branch="false"/>
            <line number="103" hits="0" branch="false"/>
            <line number="104" hits="0" branch="false"/>
            <line number="105" hits="0" branch="false"/>
            <line number="107" hits="0" branch="false"/>
            <line number="109" hits="0" branch="false"/>
            <line number="112" hits="0" branch="false"/>
            <line number="113" hits="0" branch="false"/>
            <line number="115" hits="0" branch="false"/>
            <line number="116" hits="0" branch="false"/>
            <line number="117" hits="0" branch="false"/>
            <line number="118" hits="0" branch="false"/>
            <line number="121" hits="0" branch="false"/>
            <line number="123" hits="0" branch="false"/>
            <line number="125" hits="0" branch="false"/>
            <line number="126" hits="0" branch="false"/>
            <line number="127" hits="0" branch="false"/>
            <line number="128" hits="0" branch="false"/>
            <line number="129" hits="0" branch="false"/>
            <line number="130" hits="0" branch="false"/>
            <line number="131" hits="0" branch="false"/>
            <line number="132" hits="0" branch="false"/>
            <line number="133" hits="0" branch="false"/>
            <line number="134" hits="0" branch="false"/>
            <line number="135" hits="0" branch="false"/>
            <line number="136" hits="0" branch="false"/>
            <line number="139" hits="0" branch="false"/>
            <line number="140" hits="0" branch="false"/>
            <line number="141" hits="0" branch="false"/>
            <line number="142" hits="0" branch="false"/>
            <line number="143" hits="0" branch="false"/>
            <line number="144" hits="0" branch="false"/>
            <line number="146" hits="0" branch="false"/>
            <line number="147" hits="0" branch="false"/>
            <line number="149" hits="0" branch="false"/>
            <line number="150" hits="0" branch="false"/>
            <line number="151" hits="0" branch="false"/>
            <line number="152" hits="0" branch="false"/>
            <line number="153" hits="0" branch="false"/>
            <line number="155" hits="0" branch="false"/>
            <line number="157" hits="0" branch="false"/>
            <line number="158" hits="0" branch="false"/>
            <line number="159" hits="0" branch="false"/>
            <line number="160" hits="0" branch="false"/>
            <line number="161" hits="0" branch="false"/>
            <line number="162" hits="0" branch="false"/>
            <line number="163" hits="0" branch="false"/>
            <line number="164" hits="0" branch="false"/>
            <line number="165" hits="0" branch="false"/>
            <line number="167" hits="0" branch="false"/>
            <line number="168" hits="0" branch="false"/>
            <line number="169" hits="0" branch="false"/>
            <line number="170" hits="0" branch="false"/>
            <line number="171" hits="0" branch="false"/>
            <line number="173" hits="0" branch="false"/>
            <line number="174" hits="0" branch="false"/>
            <line number="175" hits="0" branch="false"/>
            <line number="176" hits="0" branch="false"/>
            <line number="177" hits="0" branch="false"/>
            <line number="179" hits="0" branch="false"/>
            <line number="180" hits="0" branch="false"/>
            <line number="181" hits="0" branch="false"/>
            <line number="182" hits="0" branch="false"/>
            <line number="183" hits="0" branch="false"/>
            <line number="184" hits="0" branch="false"/>
            <line number="185" hits="0" branch="false"/>
            <line number="186" hits="0" branch="false"/>
            <line number="188" hits="0" branch="false"/>
            <line number="189" hits="0" branch="false"/>
            <line number="190" hits="0" branch="false"/>
            <line number="191" hits="0" branch="false"/>
            <line number="192" hits="0" branch="false"/>
            <line number="195" hits="0" branch="false"/>
            <line number="196" hits="0" branch="false"/>
            <line number="198" hits="0" branch="false"/>
            <line number="201" hits="0" branch="false"/>
            <line number="202" hits="0" branch="false"/>
            <line number="203" hits="0" branch="false"/>
            <line number="204" hits="0" branch="false"/>
            <line number="205" hits="0" branch="false"/>
            <line number="206" hits="0" branch="false"/>
            <line number="207" hits="0" branch="false"/>
            <line number="208" hits="0" branch="false"/>
            <line number="209" hits="0" branch="false"/>
            <line number="210" hits="0" branch="false"/>
            <line number="211" hits="0" branch="false"/>
            <line number="212" hits="0" branch="false"/>
            <line number="213" hits="0" branch="false"/>
            <line number="214" hits="0" branch="false"/>
            <line number="216" hits="0" branch="false"/>
            <line number="217" hits="0" branch="false"/>
            <line number="218" hits="0" branch="false"/>
            <line number="220" hits="0" branch="false"/>
            <line number="221" hits="0" branch="false"/>
            <line number="222" hits="0" branch="false"/>
            <line number="223" hits="0" branch="false"/>
            <line number="224" hits="0" branch="false"/>
            <line number="225" hits="0" branch="false"/>
            <line number="226" hits="0" branch="false"/>
            <line number="227" hits="0" branch="false"/>
            <line number="228" hits="0" branch="false"/>
            <line number="229" hits="0" branch="false"/>
            <line number="230" hits="0" branch="false"/>
            <line number="231" hits="0" branch="false"/>
            <line number="232" hits="0" branch="false"/>
            <line number="233" hits="0" branch="false"/>
            <line number="234" hits="0" branch="false"/>
            <line number="235" hits="0" branch="false"/>
            <line number="236" hits="0" branch="false"/>
            <line number="237" hits="0" branch="false"/>
            <line number="238" hits="0" branch="false"/>
            <line number="239" hits="0" branch="false"/>
          </lines>
        </class>
        <class name="rfs_get_species_list.R" filename="R/rfs_get_species_list.R" line-rate="0.987847222222222" branch-rate="0" complexity="0">
          <methods>
            <method name="rfs_get_species_list" signature="" line-rate="0.987847222222222" branch-rate="0" complexity="0">
              <lines>
                <line number="13" hits="15" branch="false"/>
                <line number="14" hits="1" branch="false"/>
                <line number="17" hits="14" branch="false"/>
                <line number="18" hits="14" branch="false"/>
                <line number="19" hits="14" branch="false"/>
                <line number="21" hits="14" branch="false"/>
                <line number="22" hits="14" branch="false"/>
                <line number="23" hits="14" branch="false"/>
                <line number="24" hits="14" branch="false"/>
                <line number="25" hits="14" branch="false"/>
                <line number="26" hits="14" branch="false"/>
                <line number="27" hits="14" branch="false"/>
                <line number="28" hits="14" branch="false"/>
                <line number="29" hits="14" branch="false"/>
                <line number="30" hits="14" branch="false"/>
                <line number="31" hits="14" branch="false"/>
                <line number="32" hits="14" branch="false"/>
                <line number="34" hits="14" branch="false"/>
                <line number="35" hits="14" branch="false"/>
                <line number="36" hits="14" branch="false"/>
                <line number="37" hits="14" branch="false"/>
                <line number="38" hits="14" branch="false"/>
                <line number="39" hits="14" branch="false"/>
                <line number="40" hits="14" branch="false"/>
                <line number="41" hits="14" branch="false"/>
                <line number="42" hits="14" branch="false"/>
                <line number="44" hits="14" branch="false"/>
                <line number="45" hits="14" branch="false"/>
                <line number="46" hits="14" branch="false"/>
                <line number="47" hits="14" branch="false"/>
                <line number="48" hits="14" branch="false"/>
                <line number="49" hits="14" branch="false"/>
                <line number="50" hits="14" branch="false"/>
                <line number="51" hits="14" branch="false"/>
                <line number="52" hits="14" branch="false"/>
                <line number="53" hits="14" branch="false"/>
                <line number="54" hits="14" branch="false"/>
                <line number="56" hits="14" branch="false"/>
                <line number="57" hits="14" branch="false"/>
                <line number="58" hits="14" branch="false"/>
                <line number="59" hits="14" branch="false"/>
                <line number="60" hits="14" branch="false"/>
                <line number="61" hits="14" branch="false"/>
                <line number="62" hits="14" branch="false"/>
                <line number="63" hits="14" branch="false"/>
                <line number="64" hits="14" branch="false"/>
                <line number="65" hits="14" branch="false"/>
                <line number="66" hits="14" branch="false"/>
                <line number="67" hits="14" branch="false"/>
                <line number="70" hits="14" branch="false"/>
                <line number="71" hits="14" branch="false"/>
                <line number="72" hits="14" branch="false"/>
                <line number="73" hits="14" branch="false"/>
                <line number="74" hits="14" branch="false"/>
                <line number="75" hits="14" branch="false"/>
                <line number="76" hits="14" branch="false"/>
                <line number="77" hits="14" branch="false"/>
                <line number="78" hits="14" branch="false"/>
                <line number="79" hits="14" branch="false"/>
                <line number="80" hits="14" branch="false"/>
                <line number="81" hits="14" branch="false"/>
                <line number="82" hits="14" branch="false"/>
                <line number="83" hits="14" branch="false"/>
                <line number="84" hits="14" branch="false"/>
                <line number="85" hits="14" branch="false"/>
                <line number="86" hits="14" branch="false"/>
                <line number="87" hits="14" branch="false"/>
                <line number="88" hits="14" branch="false"/>
                <line number="89" hits="14" branch="false"/>
                <line number="90" hits="14" branch="false"/>
                <line number="91" hits="14" branch="false"/>
                <line number="92" hits="14" branch="false"/>
                <line number="93" hits="14" branch="false"/>
                <line number="94" hits="14" branch="false"/>
                <line number="95" hits="14" branch="false"/>
                <line number="96" hits="14" branch="false"/>
                <line number="97" hits="14" branch="false"/>
                <line number="98" hits="14" branch="false"/>
                <line number="99" hits="14" branch="false"/>
                <line number="100" hits="14" branch="false"/>
                <line number="101" hits="14" branch="false"/>
                <line number="102" hits="14" branch="false"/>
                <line number="103" hits="14" branch="false"/>
                <line number="104" hits="14" branch="false"/>
                <line number="105" hits="14" branch="false"/>
                <line number="106" hits="14" branch="false"/>
                <line number="107" hits="14" branch="false"/>
                <line number="108" hits="14" branch="false"/>
                <line number="109" hits="14" branch="false"/>
                <line number="111" hits="14" branch="false"/>
                <line number="112" hits="14" branch="false"/>
                <line number="113" hits="14" branch="false"/>
                <line number="114" hits="14" branch="false"/>
                <line number="115" hits="14" branch="false"/>
                <line number="116" hits="14" branch="false"/>
                <line number="117" hits="14" branch="false"/>
                <line number="118" hits="14" branch="false"/>
                <line number="119" hits="14" branch="false"/>
                <line number="120" hits="14" branch="false"/>
                <line number="121" hits="14" branch="false"/>
                <line number="122" hits="14" branch="false"/>
                <line number="123" hits="14" branch="false"/>
                <line number="124" hits="14" branch="false"/>
                <line number="125" hits="14" branch="false"/>
                <line number="126" hits="14" branch="false"/>
                <line number="127" hits="14" branch="false"/>
                <line number="128" hits="14" branch="false"/>
                <line number="129" hits="14" branch="false"/>
                <line number="130" hits="14" branch="false"/>
                <line number="131" hits="14" branch="false"/>
                <line number="132" hits="14" branch="false"/>
                <line number="133" hits="14" branch="false"/>
                <line number="134" hits="14" branch="false"/>
                <line number="135" hits="14" branch="false"/>
                <line number="136" hits="14" branch="false"/>
                <line number="137" hits="14" branch="false"/>
                <line number="138" hits="14" branch="false"/>
                <line number="139" hits="14" branch="false"/>
                <line number="140" hits="14" branch="false"/>
                <line number="141" hits="14" branch="false"/>
                <line number="142" hits="14" branch="false"/>
                <line number="143" hits="14" branch="false"/>
                <line number="144" hits="14" branch="false"/>
                <line number="145" hits="14" branch="false"/>
                <line number="146" hits="14" branch="false"/>
                <line number="147" hits="14" branch="false"/>
                <line number="148" hits="14" branch="false"/>
                <line number="149" hits="14" branch="false"/>
                <line number="150" hits="14" branch="false"/>
                <line number="151" hits="14" branch="false"/>
                <line number="152" hits="14" branch="false"/>
                <line number="153" hits="14" branch="false"/>
                <line number="154" hits="14" branch="false"/>
                <line number="155" hits="14" branch="false"/>
                <line number="156" hits="14" branch="false"/>
                <line number="157" hits="14" branch="false"/>
                <line number="158" hits="14" branch="false"/>
                <line number="159" hits="14" branch="false"/>
                <line number="160" hits="14" branch="false"/>
                <line number="161" hits="14" branch="false"/>
                <line number="162" hits="14" branch="false"/>
                <line number="163" hits="14" branch="false"/>
                <line number="164" hits="14" branch="false"/>
                <line number="165" hits="14" branch="false"/>
                <line number="166" hits="14" branch="false"/>
                <line number="168" hits="14" branch="false"/>
                <line number="169" hits="14" branch="false"/>
                <line number="170" hits="14" branch="false"/>
                <line number="171" hits="14" branch="false"/>
                <line number="172" hits="14" branch="false"/>
                <line number="173" hits="14" branch="false"/>
                <line number="174" hits="14" branch="false"/>
                <line number="175" hits="14" branch="false"/>
                <line number="176" hits="14" branch="false"/>
                <line number="177" hits="14" branch="false"/>
                <line number="178" hits="14" branch="false"/>
                <line number="179" hits="14" branch="false"/>
                <line number="180" hits="14" branch="false"/>
                <line number="181" hits="14" branch="false"/>
                <line number="182" hits="14" branch="false"/>
                <line number="183" hits="14" branch="false"/>
                <line number="184" hits="14" branch="false"/>
                <line number="185" hits="14" branch="false"/>
                <line number="186" hits="14" branch="false"/>
                <line number="187" hits="14" branch="false"/>
                <line number="188" hits="14" branch="false"/>
                <line number="189" hits="14" branch="false"/>
                <line number="190" hits="14" branch="false"/>
                <line number="191" hits="14" branch="false"/>
                <line number="192" hits="14" branch="false"/>
                <line number="193" hits="14" branch="false"/>
                <line number="194" hits="14" branch="false"/>
                <line number="195" hits="14" branch="false"/>
                <line number="198" hits="14" branch="false"/>
                <line number="199" hits="14" branch="false"/>
                <line number="200" hits="14" branch="false"/>
                <line number="201" hits="14" branch="false"/>
                <line number="202" hits="14" branch="false"/>
                <line number="203" hits="14" branch="false"/>
                <line number="204" hits="14" branch="false"/>
                <line number="205" hits="14" branch="false"/>
                <line number="207" hits="14" branch="false"/>
                <line number="208" hits="14" branch="false"/>
                <line number="209" hits="14" branch="false"/>
                <line number="210" hits="14" branch="false"/>
                <line number="211" hits="14" branch="false"/>
                <line number="212" hits="14" branch="false"/>
                <line number="213" hits="14" branch="false"/>
                <line number="214" hits="14" branch="false"/>
                <line number="215" hits="14" branch="false"/>
                <line number="216" hits="14" branch="false"/>
                <line number="217" hits="14" branch="false"/>
                <line number="218" hits="14" branch="false"/>
                <line number="219" hits="14" branch="false"/>
                <line number="220" hits="14" branch="false"/>
                <line number="221" hits="14" branch="false"/>
                <line number="222" hits="14" branch="false"/>
                <line number="223" hits="14" branch="false"/>
                <line number="224" hits="14" branch="false"/>
                <line number="225" hits="14" branch="false"/>
                <line number="226" hits="14" branch="false"/>
                <line number="227" hits="14" branch="false"/>
                <line number="228" hits="14" branch="false"/>
                <line number="229" hits="14" branch="false"/>
                <line number="230" hits="14" branch="false"/>
                <line number="231" hits="14" branch="false"/>
                <line number="232" hits="14" branch="false"/>
                <line number="233" hits="14" branch="false"/>
                <line number="234" hits="14" branch="false"/>
                <line number="235" hits="14" branch="false"/>
                <line number="236" hits="14" branch="false"/>
                <line number="237" hits="14" branch="false"/>
                <line number="238" hits="14" branch="false"/>
                <line number="239" hits="14" branch="false"/>
                <line number="240" hits="14" branch="false"/>
                <line number="241" hits="14" branch="false"/>
                <line number="242" hits="14" branch="false"/>
                <line number="243" hits="14" branch="false"/>
                <line number="244" hits="14" branch="false"/>
                <line number="245" hits="14" branch="false"/>
                <line number="246" hits="14" branch="false"/>
                <line number="247" hits="14" branch="false"/>
                <line number="248" hits="14" branch="false"/>
                <line number="249" hits="14" branch="false"/>
                <line number="250" hits="14" branch="false"/>
                <line number="251" hits="14" branch="false"/>
                <line number="252" hits="14" branch="false"/>
                <line number="253" hits="14" branch="false"/>
                <line number="254" hits="14" branch="false"/>
                <line number="255" hits="14" branch="false"/>
                <line number="256" hits="14" branch="false"/>
                <line number="257" hits="14" branch="false"/>
                <line number="258" hits="14" branch="false"/>
                <line number="259" hits="14" branch="false"/>
                <line number="260" hits="14" branch="false"/>
                <line number="261" hits="14" branch="false"/>
                <line number="262" hits="14" branch="false"/>
                <line number="263" hits="14" branch="false"/>
                <line number="264" hits="14" branch="false"/>
                <line number="265" hits="14" branch="false"/>
                <line number="266" hits="14" branch="false"/>
                <line number="267" hits="14" branch="false"/>
                <line number="268" hits="14" branch="false"/>
                <line number="269" hits="14" branch="false"/>
                <line number="270" hits="14" branch="false"/>
                <line number="271" hits="14" branch="false"/>
                <line number="272" hits="14" branch="false"/>
                <line number="273" hits="14" branch="false"/>
                <line number="274" hits="14" branch="false"/>
                <line number="275" hits="14" branch="false"/>
                <line number="276" hits="14" branch="false"/>
                <line number="277" hits="14" branch="false"/>
                <line number="278" hits="14" branch="false"/>
                <line number="279" hits="14" branch="false"/>
                <line number="280" hits="14" branch="false"/>
                <line number="282" hits="14" branch="false"/>
                <line number="283" hits="14" branch="false"/>
                <line number="284" hits="14" branch="false"/>
                <line number="285" hits="14" branch="false"/>
                <line number="286" hits="14" branch="false"/>
                <line number="287" hits="14" branch="false"/>
                <line number="288" hits="14" branch="false"/>
                <line number="289" hits="14" branch="false"/>
                <line number="291" hits="14" branch="false"/>
                <line number="292" hits="14" branch="false"/>
                <line number="293" hits="14" branch="false"/>
                <line number="294" hits="14" branch="false"/>
                <line number="295" hits="14" branch="false"/>
                <line number="296" hits="14" branch="false"/>
                <line number="297" hits="14" branch="false"/>
                <line number="298" hits="14" branch="false"/>
                <line number="300" hits="14" branch="false"/>
                <line number="301" hits="14" branch="false"/>
                <line number="302" hits="14" branch="false"/>
                <line number="303" hits="14" branch="false"/>
                <line number="304" hits="14" branch="false"/>
                <line number="305" hits="14" branch="false"/>
                <line number="306" hits="14" branch="false"/>
                <line number="307" hits="14" branch="false"/>
                <line number="308" hits="14" branch="false"/>
                <line number="309" hits="14" branch="false"/>
                <line number="310" hits="14" branch="false"/>
                <line number="311" hits="14" branch="false"/>
                <line number="312" hits="14" branch="false"/>
                <line number="313" hits="14" branch="false"/>
                <line number="314" hits="14" branch="false"/>
                <line number="315" hits="14" branch="false"/>
                <line number="316" hits="14" branch="false"/>
                <line number="317" hits="14" branch="false"/>
                <line number="318" hits="14" branch="false"/>
                <line number="319" hits="14" branch="false"/>
                <line number="320" hits="14" branch="false"/>
                <line number="321" hits="14" branch="false"/>
                <line number="322" hits="14" branch="false"/>
                <line number="323" hits="14" branch="false"/>
                <line number="324" hits="14" branch="false"/>
                <line number="325" hits="14" branch="false"/>
                <line number="326" hits="14" branch="false"/>
                <line number="327" hits="14" branch="false"/>
                <line number="328" hits="14" branch="false"/>
                <line number="329" hits="14" branch="false"/>
                <line number="330" hits="14" branch="false"/>
                <line number="331" hits="14" branch="false"/>
                <line number="332" hits="14" branch="false"/>
                <line number="333" hits="14" branch="false"/>
                <line number="334" hits="14" branch="false"/>
                <line number="335" hits="14" branch="false"/>
                <line number="336" hits="14" branch="false"/>
                <line number="337" hits="14" branch="false"/>
                <line number="338" hits="14" branch="false"/>
                <line number="339" hits="14" branch="false"/>
                <line number="342" hits="14" branch="false"/>
                <line number="343" hits="14" branch="false"/>
                <line number="344" hits="14" branch="false"/>
                <line number="345" hits="14" branch="false"/>
                <line number="346" hits="14" branch="false"/>
                <line number="347" hits="14" branch="false"/>
                <line number="348" hits="14" branch="false"/>
                <line number="350" hits="14" branch="false"/>
                <line number="351" hits="14" branch="false"/>
                <line number="352" hits="14" branch="false"/>
                <line number="353" hits="14" branch="false"/>
                <line number="354" hits="14" branch="false"/>
                <line number="355" hits="14" branch="false"/>
                <line number="356" hits="14" branch="false"/>
                <line number="357" hits="14" branch="false"/>
                <line number="358" hits="14" branch="false"/>
                <line number="359" hits="14" branch="false"/>
                <line number="360" hits="14" branch="false"/>
                <line number="361" hits="14" branch="false"/>
                <line number="362" hits="14" branch="false"/>
                <line number="364" hits="14" branch="false"/>
                <line number="365" hits="14" branch="false"/>
                <line number="366" hits="14" branch="false"/>
                <line number="367" hits="14" branch="false"/>
                <line number="368" hits="14" branch="false"/>
                <line number="369" hits="14" branch="false"/>
                <line number="370" hits="14" branch="false"/>
                <line number="371" hits="14" branch="false"/>
                <line number="372" hits="14" branch="false"/>
                <line number="373" hits="14" branch="false"/>
                <line number="374" hits="14" branch="false"/>
                <line number="375" hits="14" branch="false"/>
                <line number="376" hits="14" branch="false"/>
                <line number="377" hits="14" branch="false"/>
                <line number="378" hits="14" branch="false"/>
                <line number="380" hits="14" branch="false"/>
                <line number="381" hits="14" branch="false"/>
                <line number="382" hits="14" branch="false"/>
                <line number="383" hits="14" branch="false"/>
                <line number="385" hits="14" branch="false"/>
                <line number="386" hits="14" branch="false"/>
                <line number="387" hits="14" branch="false"/>
                <line number="388" hits="14" branch="false"/>
                <line number="389" hits="14" branch="false"/>
                <line number="390" hits="14" branch="false"/>
                <line number="391" hits="14" branch="false"/>
                <line number="392" hits="14" branch="false"/>
                <line number="393" hits="14" branch="false"/>
                <line number="394" hits="14" branch="false"/>
                <line number="395" hits="14" branch="false"/>
                <line number="396" hits="14" branch="false"/>
                <line number="397" hits="14" branch="false"/>
                <line number="398" hits="14" branch="false"/>
                <line number="399" hits="14" branch="false"/>
                <line number="400" hits="14" branch="false"/>
                <line number="401" hits="14" branch="false"/>
                <line number="402" hits="14" branch="false"/>
                <line number="403" hits="14" branch="false"/>
                <line number="404" hits="14" branch="false"/>
                <line number="405" hits="14" branch="false"/>
                <line number="406" hits="14" branch="false"/>
                <line number="407" hits="14" branch="false"/>
                <line number="408" hits="14" branch="false"/>
                <line number="409" hits="14" branch="false"/>
                <line number="410" hits="14" branch="false"/>
                <line number="411" hits="14" branch="false"/>
                <line number="412" hits="14" branch="false"/>
                <line number="413" hits="14" branch="false"/>
                <line number="414" hits="14" branch="false"/>
                <line number="415" hits="14" branch="false"/>
                <line number="416" hits="14" branch="false"/>
                <line number="417" hits="14" branch="false"/>
                <line number="418" hits="14" branch="false"/>
                <line number="419" hits="14" branch="false"/>
                <line number="420" hits="14" branch="false"/>
                <line number="421" hits="14" branch="false"/>
                <line number="422" hits="14" branch="false"/>
                <line number="423" hits="14" branch="false"/>
                <line number="424" hits="14" branch="false"/>
                <line number="425" hits="14" branch="false"/>
                <line number="426" hits="14" branch="false"/>
                <line number="427" hits="14" branch="false"/>
                <line number="428" hits="14" branch="false"/>
                <line number="429" hits="14" branch="false"/>
                <line number="430" hits="14" branch="false"/>
                <line number="431" hits="14" branch="false"/>
                <line number="432" hits="14" branch="false"/>
                <line number="433" hits="14" branch="false"/>
                <line number="434" hits="14" branch="false"/>
                <line number="435" hits="14" branch="false"/>
                <line number="436" hits="14" branch="false"/>
                <line number="437" hits="14" branch="false"/>
                <line number="438" hits="14" branch="false"/>
                <line number="439" hits="14" branch="false"/>
                <line number="440" hits="14" branch="false"/>
                <line number="441" hits="14" branch="false"/>
                <line number="442" hits="14" branch="false"/>
                <line number="445" hits="14" branch="false"/>
                <line number="446" hits="14" branch="false"/>
                <line number="447" hits="14" branch="false"/>
                <line number="449" hits="14" branch="false"/>
                <line number="450" hits="14" branch="false"/>
                <line number="451" hits="14" branch="false"/>
                <line number="452" hits="14" branch="false"/>
                <line number="453" hits="14" branch="false"/>
                <line number="454" hits="14" branch="false"/>
                <line number="455" hits="14" branch="false"/>
                <line number="456" hits="14" branch="false"/>
                <line number="457" hits="14" branch="false"/>
                <line number="458" hits="14" branch="false"/>
                <line number="459" hits="14" branch="false"/>
                <line number="460" hits="14" branch="false"/>
                <line number="461" hits="14" branch="false"/>
                <line number="462" hits="14" branch="false"/>
                <line number="463" hits="14" branch="false"/>
                <line number="464" hits="14" branch="false"/>
                <line number="465" hits="14" branch="false"/>
                <line number="466" hits="14" branch="false"/>
                <line number="467" hits="14" branch="false"/>
                <line number="468" hits="14" branch="false"/>
                <line number="469" hits="14" branch="false"/>
                <line number="470" hits="14" branch="false"/>
                <line number="471" hits="14" branch="false"/>
                <line number="472" hits="14" branch="false"/>
                <line number="473" hits="14" branch="false"/>
                <line number="474" hits="14" branch="false"/>
                <line number="475" hits="14" branch="false"/>
                <line number="476" hits="14" branch="false"/>
                <line number="477" hits="14" branch="false"/>
                <line number="478" hits="14" branch="false"/>
                <line number="479" hits="14" branch="false"/>
                <line number="480" hits="14" branch="false"/>
                <line number="481" hits="14" branch="false"/>
                <line number="483" hits="14" branch="false"/>
                <line number="484" hits="14" branch="false"/>
                <line number="485" hits="14" branch="false"/>
                <line number="486" hits="14" branch="false"/>
                <line number="487" hits="14" branch="false"/>
                <line number="488" hits="14" branch="false"/>
                <line number="489" hits="14" branch="false"/>
                <line number="490" hits="14" branch="false"/>
                <line number="491" hits="14" branch="false"/>
                <line number="492" hits="14" branch="false"/>
                <line number="493" hits="14" branch="false"/>
                <line number="494" hits="14" branch="false"/>
                <line number="495" hits="14" branch="false"/>
                <line number="496" hits="14" branch="false"/>
                <line number="497" hits="14" branch="false"/>
                <line number="498" hits="14" branch="false"/>
                <line number="499" hits="14" branch="false"/>
                <line number="500" hits="14" branch="false"/>
                <line number="501" hits="14" branch="false"/>
                <line number="502" hits="14" branch="false"/>
                <line number="503" hits="14" branch="false"/>
                <line number="504" hits="14" branch="false"/>
                <line number="505" hits="14" branch="false"/>
                <line number="506" hits="14" branch="false"/>
                <line number="507" hits="14" branch="false"/>
                <line number="508" hits="14" branch="false"/>
                <line number="509" hits="14" branch="false"/>
                <line number="510" hits="14" branch="false"/>
                <line number="511" hits="14" branch="false"/>
                <line number="512" hits="14" branch="false"/>
                <line number="513" hits="14" branch="false"/>
                <line number="514" hits="14" branch="false"/>
                <line number="515" hits="14" branch="false"/>
                <line number="516" hits="14" branch="false"/>
                <line number="517" hits="14" branch="false"/>
                <line number="518" hits="14" branch="false"/>
                <line number="519" hits="14" branch="false"/>
                <line number="520" hits="14" branch="false"/>
                <line number="521" hits="14" branch="false"/>
                <line number="522" hits="14" branch="false"/>
                <line number="523" hits="14" branch="false"/>
                <line number="524" hits="14" branch="false"/>
                <line number="525" hits="14" branch="false"/>
                <line number="526" hits="14" branch="false"/>
                <line number="527" hits="14" branch="false"/>
                <line number="528" hits="14" branch="false"/>
                <line number="529" hits="14" branch="false"/>
                <line number="530" hits="14" branch="false"/>
                <line number="531" hits="14" branch="false"/>
                <line number="532" hits="14" branch="false"/>
                <line number="533" hits="14" branch="false"/>
                <line number="534" hits="14" branch="false"/>
                <line number="535" hits="14" branch="false"/>
                <line number="536" hits="14" branch="false"/>
                <line number="537" hits="14" branch="false"/>
                <line number="538" hits="14" branch="false"/>
                <line number="539" hits="14" branch="false"/>
                <line number="540" hits="14" branch="false"/>
                <line number="541" hits="14" branch="false"/>
                <line number="542" hits="14" branch="false"/>
                <line number="543" hits="14" branch="false"/>
                <line number="544" hits="14" branch="false"/>
                <line number="545" hits="14" branch="false"/>
                <line number="546" hits="14" branch="false"/>
                <line number="547" hits="14" branch="false"/>
                <line number="548" hits="14" branch="false"/>
                <line number="549" hits="14" branch="false"/>
                <line number="550" hits="14" branch="false"/>
                <line number="551" hits="14" branch="false"/>
                <line number="552" hits="14" branch="false"/>
                <line number="553" hits="14" branch="false"/>
                <line number="554" hits="14" branch="false"/>
                <line number="555" hits="14" branch="false"/>
                <line number="556" hits="14" branch="false"/>
                <line number="557" hits="14" branch="false"/>
                <line number="558" hits="14" branch="false"/>
                <line number="559" hits="14" branch="false"/>
                <line number="560" hits="14" branch="false"/>
                <line number="561" hits="14" branch="false"/>
                <line number="562" hits="14" branch="false"/>
                <line number="563" hits="14" branch="false"/>
                <line number="564" hits="14" branch="false"/>
                <line number="565" hits="14" branch="false"/>
                <line number="566" hits="14" branch="false"/>
                <line number="567" hits="14" branch="false"/>
                <line number="568" hits="14" branch="false"/>
                <line number="569" hits="14" branch="false"/>
                <line number="570" hits="14" branch="false"/>
                <line number="571" hits="14" branch="false"/>
                <line number="572" hits="14" branch="false"/>
                <line number="573" hits="14" branch="false"/>
                <line number="574" hits="14" branch="false"/>
                <line number="575" hits="14" branch="false"/>
                <line number="576" hits="14" branch="false"/>
                <line number="577" hits="14" branch="false"/>
                <line number="578" hits="14" branch="false"/>
                <line number="579" hits="14" branch="false"/>
                <line number="580" hits="14" branch="false"/>
                <line number="581" hits="14" branch="false"/>
                <line number="582" hits="14" branch="false"/>
                <line number="583" hits="14" branch="false"/>
                <line number="584" hits="14" branch="false"/>
                <line number="585" hits="14" branch="false"/>
                <line number="586" hits="14" branch="false"/>
                <line number="588" hits="14" branch="false"/>
                <line number="589" hits="14" branch="false"/>
                <line number="590" hits="14" branch="false"/>
                <line number="591" hits="14" branch="false"/>
                <line number="592" hits="14" branch="false"/>
                <line number="593" hits="14" branch="false"/>
                <line number="594" hits="14" branch="false"/>
                <line number="595" hits="14" branch="false"/>
                <line number="597" hits="14" branch="false"/>
                <line number="598" hits="0" branch="false"/>
                <line number="599" hits="0" branch="false"/>
                <line number="600" hits="0" branch="false"/>
                <line number="601" hits="0" branch="false"/>
                <line number="602" hits="0" branch="false"/>
                <line number="603" hits="0" branch="false"/>
                <line number="606" hits="14" branch="false"/>
                <line number="607" hits="0" branch="false"/>
                <line number="610" hits="14" branch="false"/>
                <line number="611" hits="14" branch="false"/>
                <line number="612" hits="14" branch="false"/>
                <line number="614" hits="14" branch="false"/>
                <line number="615" hits="1" branch="false"/>
                <line number="616" hits="1" branch="false"/>
                <line number="617" hits="1" branch="false"/>
                <line number="618" hits="1" branch="false"/>
                <line number="619" hits="1" branch="false"/>
                <line number="621" hits="1" branch="false"/>
                <line number="623" hits="13" branch="false"/>
              </lines>
            </method>
          </methods>
          <lines>
            <line number="13" hits="15" branch="false"/>
            <line number="14" hits="1" branch="false"/>
            <line number="17" hits="14" branch="false"/>
            <line number="18" hits="14" branch="false"/>
            <line number="19" hits="14" branch="false"/>
            <line number="21" hits="14" branch="false"/>
            <line number="22" hits="14" branch="false"/>
            <line number="23" hits="14" branch="false"/>
            <line number="24" hits="14" branch="false"/>
            <line number="25" hits="14" branch="false"/>
            <line number="26" hits="14" branch="false"/>
            <line number="27" hits="14" branch="false"/>
            <line number="28" hits="14" branch="false"/>
            <line number="29" hits="14" branch="false"/>
            <line number="30" hits="14" branch="false"/>
            <line number="31" hits="14" branch="false"/>
            <line number="32" hits="14" branch="false"/>
            <line number="34" hits="14" branch="false"/>
            <line number="35" hits="14" branch="false"/>
            <line number="36" hits="14" branch="false"/>
            <line number="37" hits="14" branch="false"/>
            <line number="38" hits="14" branch="false"/>
            <line number="39" hits="14" branch="false"/>
            <line number="40" hits="14" branch="false"/>
            <line number="41" hits="14" branch="false"/>
            <line number="42" hits="14" branch="false"/>
            <line number="44" hits="14" branch="false"/>
            <line number="45" hits="14" branch="false"/>
            <line number="46" hits="14" branch="false"/>
            <line number="47" hits="14" branch="false"/>
            <line number="48" hits="14" branch="false"/>
            <line number="49" hits="14" branch="false"/>
            <line number="50" hits="14" branch="false"/>
            <line number="51" hits="14" branch="false"/>
            <line number="52" hits="14" branch="false"/>
            <line number="53" hits="14" branch="false"/>
            <line number="54" hits="14" branch="false"/>
            <line number="56" hits="14" branch="false"/>
            <line number="57" hits="14" branch="false"/>
            <line number="58" hits="14" branch="false"/>
            <line number="59" hits="14" branch="false"/>
            <line number="60" hits="14" branch="false"/>
            <line number="61" hits="14" branch="false"/>
            <line number="62" hits="14" branch="false"/>
            <line number="63" hits="14" branch="false"/>
            <line number="64" hits="14" branch="false"/>
            <line number="65" hits="14" branch="false"/>
            <line number="66" hits="14" branch="false"/>
            <line number="67" hits="14" branch="false"/>
            <line number="70" hits="14" branch="false"/>
            <line number="71" hits="14" branch="false"/>
            <line number="72" hits="14" branch="false"/>
            <line number="73" hits="14" branch="false"/>
            <line number="74" hits="14" branch="false"/>
            <line number="75" hits="14" branch="false"/>
            <line number="76" hits="14" branch="false"/>
            <line number="77" hits="14" branch="false"/>
            <line number="78" hits="14" branch="false"/>
            <line number="79" hits="14" branch="false"/>
            <line number="80" hits="14" branch="false"/>
            <line number="81" hits="14" branch="false"/>
            <line number="82" hits="14" branch="false"/>
            <line number="83" hits="14" branch="false"/>
            <line number="84" hits="14" branch="false"/>
            <line number="85" hits="14" branch="false"/>
            <line number="86" hits="14" branch="false"/>
            <line number="87" hits="14" branch="false"/>
            <line number="88" hits="14" branch="false"/>
            <line number="89" hits="14" branch="false"/>
            <line number="90" hits="14" branch="false"/>
            <line number="91" hits="14" branch="false"/>
            <line number="92" hits="14" branch="false"/>
            <line number="93" hits="14" branch="false"/>
            <line number="94" hits="14" branch="false"/>
            <line number="95" hits="14" branch="false"/>
            <line number="96" hits="14" branch="false"/>
            <line number="97" hits="14" branch="false"/>
            <line number="98" hits="14" branch="false"/>
            <line number="99" hits="14" branch="false"/>
            <line number="100" hits="14" branch="false"/>
            <line number="101" hits="14" branch="false"/>
            <line number="102" hits="14" branch="false"/>
            <line number="103" hits="14" branch="false"/>
            <line number="104" hits="14" branch="false"/>
            <line number="105" hits="14" branch="false"/>
            <line number="106" hits="14" branch="false"/>
            <line number="107" hits="14" branch="false"/>
            <line number="108" hits="14" branch="false"/>
            <line number="109" hits="14" branch="false"/>
            <line number="111" hits="14" branch="false"/>
            <line number="112" hits="14" branch="false"/>
            <line number="113" hits="14" branch="false"/>
            <line number="114" hits="14" branch="false"/>
            <line number="115" hits="14" branch="false"/>
            <line number="116" hits="14" branch="false"/>
            <line number="117" hits="14" branch="false"/>
            <line number="118" hits="14" branch="false"/>
            <line number="119" hits="14" branch="false"/>
            <line number="120" hits="14" branch="false"/>
            <line number="121" hits="14" branch="false"/>
            <line number="122" hits="14" branch="false"/>
            <line number="123" hits="14" branch="false"/>
            <line number="124" hits="14" branch="false"/>
            <line number="125" hits="14" branch="false"/>
            <line number="126" hits="14" branch="false"/>
            <line number="127" hits="14" branch="false"/>
            <line number="128" hits="14" branch="false"/>
            <line number="129" hits="14" branch="false"/>
            <line number="130" hits="14" branch="false"/>
            <line number="131" hits="14" branch="false"/>
            <line number="132" hits="14" branch="false"/>
            <line number="133" hits="14" branch="false"/>
            <line number="134" hits="14" branch="false"/>
            <line number="135" hits="14" branch="false"/>
            <line number="136" hits="14" branch="false"/>
            <line number="137" hits="14" branch="false"/>
            <line number="138" hits="14" branch="false"/>
            <line number="139" hits="14" branch="false"/>
            <line number="140" hits="14" branch="false"/>
            <line number="141" hits="14" branch="false"/>
            <line number="142" hits="14" branch="false"/>
            <line number="143" hits="14" branch="false"/>
            <line number="144" hits="14" branch="false"/>
            <line number="145" hits="14" branch="false"/>
            <line number="146" hits="14" branch="false"/>
            <line number="147" hits="14" branch="false"/>
            <line number="148" hits="14" branch="false"/>
            <line number="149" hits="14" branch="false"/>
            <line number="150" hits="14" branch="false"/>
            <line number="151" hits="14" branch="false"/>
            <line number="152" hits="14" branch="false"/>
            <line number="153" hits="14" branch="false"/>
            <line number="154" hits="14" branch="false"/>
            <line number="155" hits="14" branch="false"/>
            <line number="156" hits="14" branch="false"/>
            <line number="157" hits="14" branch="false"/>
            <line number="158" hits="14" branch="false"/>
            <line number="159" hits="14" branch="false"/>
            <line number="160" hits="14" branch="false"/>
            <line number="161" hits="14" branch="false"/>
            <line number="162" hits="14" branch="false"/>
            <line number="163" hits="14" branch="false"/>
            <line number="164" hits="14" branch="false"/>
            <line number="165" hits="14" branch="false"/>
            <line number="166" hits="14" branch="false"/>
            <line number="168" hits="14" branch="false"/>
            <line number="169" hits="14" branch="false"/>
            <line number="170" hits="14" branch="false"/>
            <line number="171" hits="14" branch="false"/>
            <line number="172" hits="14" branch="false"/>
            <line number="173" hits="14" branch="false"/>
            <line number="174" hits="14" branch="false"/>
            <line number="175" hits="14" branch="false"/>
            <line number="176" hits="14" branch="false"/>
            <line number="177" hits="14" branch="false"/>
            <line number="178" hits="14" branch="false"/>
            <line number="179" hits="14" branch="false"/>
            <line number="180" hits="14" branch="false"/>
            <line number="181" hits="14" branch="false"/>
            <line number="182" hits="14" branch="false"/>
            <line number="183" hits="14" branch="false"/>
            <line number="184" hits="14" branch="false"/>
            <line number="185" hits="14" branch="false"/>
            <line number="186" hits="14" branch="false"/>
            <line number="187" hits="14" branch="false"/>
            <line number="188" hits="14" branch="false"/>
            <line number="189" hits="14" branch="false"/>
            <line number="190" hits="14" branch="false"/>
            <line number="191" hits="14" branch="false"/>
            <line number="192" hits="14" branch="false"/>
            <line number="193" hits="14" branch="false"/>
            <line number="194" hits="14" branch="false"/>
            <line number="195" hits="14" branch="false"/>
            <line number="198" hits="14" branch="false"/>
            <line number="199" hits="14" branch="false"/>
            <line number="200" hits="14" branch="false"/>
            <line number="201" hits="14" branch="false"/>
            <line number="202" hits="14" branch="false"/>
            <line number="203" hits="14" branch="false"/>
            <line number="204" hits="14" branch="false"/>
            <line number="205" hits="14" branch="false"/>
            <line number="207" hits="14" branch="false"/>
            <line number="208" hits="14" branch="false"/>
            <line number="209" hits="14" branch="false"/>
            <line number="210" hits="14" branch="false"/>
            <line number="211" hits="14" branch="false"/>
            <line number="212" hits="14" branch="false"/>
            <line number="213" hits="14" branch="false"/>
            <line number="214" hits="14" branch="false"/>
            <line number="215" hits="14" branch="false"/>
            <line number="216" hits="14" branch="false"/>
            <line number="217" hits="14" branch="false"/>
            <line number="218" hits="14" branch="false"/>
            <line number="219" hits="14" branch="false"/>
            <line number="220" hits="14" branch="false"/>
            <line number="221" hits="14" branch="false"/>
            <line number="222" hits="14" branch="false"/>
            <line number="223" hits="14" branch="false"/>
            <line number="224" hits="14" branch="false"/>
            <line number="225" hits="14" branch="false"/>
            <line number="226" hits="14" branch="false"/>
            <line number="227" hits="14" branch="false"/>
            <line number="228" hits="14" branch="false"/>
            <line number="229" hits="14" branch="false"/>
            <line number="230" hits="14" branch="false"/>
            <line number="231" hits="14" branch="false"/>
            <line number="232" hits="14" branch="false"/>
            <line number="233" hits="14" branch="false"/>
            <line number="234" hits="14" branch="false"/>
            <line number="235" hits="14" branch="false"/>
            <line number="236" hits="14" branch="false"/>
            <line number="237" hits="14" branch="false"/>
            <line number="238" hits="14" branch="false"/>
            <line number="239" hits="14" branch="false"/>
            <line number="240" hits="14" branch="false"/>
            <line number="241" hits="14" branch="false"/>
            <line number="242" hits="14" branch="false"/>
            <line number="243" hits="14" branch="false"/>
            <line number="244" hits="14" branch="false"/>
            <line number="245" hits="14" branch="false"/>
            <line number="246" hits="14" branch="false"/>
            <line number="247" hits="14" branch="false"/>
            <line number="248" hits="14" branch="false"/>
            <line number="249" hits="14" branch="false"/>
            <line number="250" hits="14" branch="false"/>
            <line number="251" hits="14" branch="false"/>
            <line number="252" hits="14" branch="false"/>
            <line number="253" hits="14" branch="false"/>
            <line number="254" hits="14" branch="false"/>
            <line number="255" hits="14" branch="false"/>
            <line number="256" hits="14" branch="false"/>
            <line number="257" hits="14" branch="false"/>
            <line number="258" hits="14" branch="false"/>
            <line number="259" hits="14" branch="false"/>
            <line number="260" hits="14" branch="false"/>
            <line number="261" hits="14" branch="false"/>
            <line number="262" hits="14" branch="false"/>
            <line number="263" hits="14" branch="false"/>
            <line number="264" hits="14" branch="false"/>
            <line number="265" hits="14" branch="false"/>
            <line number="266" hits="14" branch="false"/>
            <line number="267" hits="14" branch="false"/>
            <line number="268" hits="14" branch="false"/>
            <line number="269" hits="14" branch="false"/>
            <line number="270" hits="14" branch="false"/>
            <line number="271" hits="14" branch="false"/>
            <line number="272" hits="14" branch="false"/>
            <line number="273" hits="14" branch="false"/>
            <line number="274" hits="14" branch="false"/>
            <line number="275" hits="14" branch="false"/>
            <line number="276" hits="14" branch="false"/>
            <line number="277" hits="14" branch="false"/>
            <line number="278" hits="14" branch="false"/>
            <line number="279" hits="14" branch="false"/>
            <line number="280" hits="14" branch="false"/>
            <line number="282" hits="14" branch="false"/>
            <line number="283" hits="14" branch="false"/>
            <line number="284" hits="14" branch="false"/>
            <line number="285" hits="14" branch="false"/>
            <line number="286" hits="14" branch="false"/>
            <line number="287" hits="14" branch="false"/>
            <line number="288" hits="14" branch="false"/>
            <line number="289" hits="14" branch="false"/>
            <line number="291" hits="14" branch="false"/>
            <line number="292" hits="14" branch="false"/>
            <line number="293" hits="14" branch="false"/>
            <line number="294" hits="14" branch="false"/>
            <line number="295" hits="14" branch="false"/>
            <line number="296" hits="14" branch="false"/>
            <line number="297" hits="14" branch="false"/>
            <line number="298" hits="14" branch="false"/>
            <line number="300" hits="14" branch="false"/>
            <line number="301" hits="14" branch="false"/>
            <line number="302" hits="14" branch="false"/>
            <line number="303" hits="14" branch="false"/>
            <line number="304" hits="14" branch="false"/>
            <line number="305" hits="14" branch="false"/>
            <line number="306" hits="14" branch="false"/>
            <line number="307" hits="14" branch="false"/>
            <line number="308" hits="14" branch="false"/>
            <line number="309" hits="14" branch="false"/>
            <line number="310" hits="14" branch="false"/>
            <line number="311" hits="14" branch="false"/>
            <line number="312" hits="14" branch="false"/>
            <line number="313" hits="14" branch="false"/>
            <line number="314" hits="14" branch="false"/>
            <line number="315" hits="14" branch="false"/>
            <line number="316" hits="14" branch="false"/>
            <line number="317" hits="14" branch="false"/>
            <line number="318" hits="14" branch="false"/>
            <line number="319" hits="14" branch="false"/>
            <line number="320" hits="14" branch="false"/>
            <line number="321" hits="14" branch="false"/>
            <line number="322" hits="14" branch="false"/>
            <line number="323" hits="14" branch="false"/>
            <line number="324" hits="14" branch="false"/>
            <line number="325" hits="14" branch="false"/>
            <line number="326" hits="14" branch="false"/>
            <line number="327" hits="14" branch="false"/>
            <line number="328" hits="14" branch="false"/>
            <line number="329" hits="14" branch="false"/>
            <line number="330" hits="14" branch="false"/>
            <line number="331" hits="14" branch="false"/>
            <line number="332" hits="14" branch="false"/>
            <line number="333" hits="14" branch="false"/>
            <line number="334" hits="14" branch="false"/>
            <line number="335" hits="14" branch="false"/>
            <line number="336" hits="14" branch="false"/>
            <line number="337" hits="14" branch="false"/>
            <line number="338" hits="14" branch="false"/>
            <line number="339" hits="14" branch="false"/>
            <line number="342" hits="14" branch="false"/>
            <line number="343" hits="14" branch="false"/>
            <line number="344" hits="14" branch="false"/>
            <line number="345" hits="14" branch="false"/>
            <line number="346" hits="14" branch="false"/>
            <line number="347" hits="14" branch="false"/>
            <line number="348" hits="14" branch="false"/>
            <line number="350" hits="14" branch="false"/>
            <line number="351" hits="14" branch="false"/>
            <line number="352" hits="14" branch="false"/>
            <line number="353" hits="14" branch="false"/>
            <line number="354" hits="14" branch="false"/>
            <line number="355" hits="14" branch="false"/>
            <line number="356" hits="14" branch="false"/>
            <line number="357" hits="14" branch="false"/>
            <line number="358" hits="14" branch="false"/>
            <line number="359" hits="14" branch="false"/>
            <line number="360" hits="14" branch="false"/>
            <line number="361" hits="14" branch="false"/>
            <line number="362" hits="14" branch="false"/>
            <line number="364" hits="14" branch="false"/>
            <line number="365" hits="14" branch="false"/>
            <line number="366" hits="14" branch="false"/>
            <line number="367" hits="14" branch="false"/>
            <line number="368" hits="14" branch="false"/>
            <line number="369" hits="14" branch="false"/>
            <line number="370" hits="14" branch="false"/>
            <line number="371" hits="14" branch="false"/>
            <line number="372" hits="14" branch="false"/>
            <line number="373" hits="14" branch="false"/>
            <line number="374" hits="14" branch="false"/>
            <line number="375" hits="14" branch="false"/>
            <line number="376" hits="14" branch="false"/>
            <line number="377" hits="14" branch="false"/>
            <line number="378" hits="14" branch="false"/>
            <line number="380" hits="14" branch="false"/>
            <line number="381" hits="14" branch="false"/>
            <line number="382" hits="14" branch="false"/>
            <line number="383" hits="14" branch="false"/>
            <line number="385" hits="14" branch="false"/>
            <line number="386" hits="14" branch="false"/>
            <line number="387" hits="14" branch="false"/>
            <line number="388" hits="14" branch="false"/>
            <line number="389" hits="14" branch="false"/>
            <line number="390" hits="14" branch="false"/>
            <line number="391" hits="14" branch="false"/>
            <line number="392" hits="14" branch="false"/>
            <line number="393" hits="14" branch="false"/>
            <line number="394" hits="14" branch="false"/>
            <line number="395" hits="14" branch="false"/>
            <line number="396" hits="14" branch="false"/>
            <line number="397" hits="14" branch="false"/>
            <line number="398" hits="14" branch="false"/>
            <line number="399" hits="14" branch="false"/>
            <line number="400" hits="14" branch="false"/>
            <line number="401" hits="14" branch="false"/>
            <line number="402" hits="14" branch="false"/>
            <line number="403" hits="14" branch="false"/>
            <line number="404" hits="14" branch="false"/>
            <line number="405" hits="14" branch="false"/>
            <line number="406" hits="14" branch="false"/>
            <line number="407" hits="14" branch="false"/>
            <line number="408" hits="14" branch="false"/>
            <line number="409" hits="14" branch="false"/>
            <line number="410" hits="14" branch="false"/>
            <line number="411" hits="14" branch="false"/>
            <line number="412" hits="14" branch="false"/>
            <line number="413" hits="14" branch="false"/>
            <line number="414" hits="14" branch="false"/>
            <line number="415" hits="14" branch="false"/>
            <line number="416" hits="14" branch="false"/>
            <line number="417" hits="14" branch="false"/>
            <line number="418" hits="14" branch="false"/>
            <line number="419" hits="14" branch="false"/>
            <line number="420" hits="14" branch="false"/>
            <line number="421" hits="14" branch="false"/>
            <line number="422" hits="14" branch="false"/>
            <line number="423" hits="14" branch="false"/>
            <line number="424" hits="14" branch="false"/>
            <line number="425" hits="14" branch="false"/>
            <line number="426" hits="14" branch="false"/>
            <line number="427" hits="14" branch="false"/>
            <line number="428" hits="14" branch="false"/>
            <line number="429" hits="14" branch="false"/>
            <line number="430" hits="14" branch="false"/>
            <line number="431" hits="14" branch="false"/>
            <line number="432" hits="14" branch="false"/>
            <line number="433" hits="14" branch="false"/>
            <line number="434" hits="14" branch="false"/>
            <line number="435" hits="14" branch="false"/>
            <line number="436" hits="14" branch="false"/>
            <line number="437" hits="14" branch="false"/>
            <line number="438" hits="14" branch="false"/>
            <line number="439" hits="14" branch="false"/>
            <line number="440" hits="14" branch="false"/>
            <line number="441" hits="14" branch="false"/>
            <line number="442" hits="14" branch="false"/>
            <line number="445" hits="14" branch="false"/>
            <line number="446" hits="14" branch="false"/>
            <line number="447" hits="14" branch="false"/>
            <line number="449" hits="14" branch="false"/>
            <line number="450" hits="14" branch="false"/>
            <line number="451" hits="14" branch="false"/>
            <line number="452" hits="14" branch="false"/>
            <line number="453" hits="14" branch="false"/>
            <line number="454" hits="14" branch="false"/>
            <line number="455" hits="14" branch="false"/>
            <line number="456" hits="14" branch="false"/>
            <line number="457" hits="14" branch="false"/>
            <line number="458" hits="14" branch="false"/>
            <line number="459" hits="14" branch="false"/>
            <line number="460" hits="14" branch="false"/>
            <line number="461" hits="14" branch="false"/>
            <line number="462" hits="14" branch="false"/>
            <line number="463" hits="14" branch="false"/>
            <line number="464" hits="14" branch="false"/>
[...]
            <line number="192" hits="5" branch="false"/>
            <line number="193" hits="5" branch="false"/>
            <line number="194" hits="5" branch="false"/>
            <line number="195" hits="5" branch="false"/>
            <line number="196" hits="5" branch="false"/>
            <line number="197" hits="5" branch="false"/>
            <line number="198" hits="5" branch="false"/>
            <line number="199" hits="5" branch="false"/>
            <line number="201" hits="5" branch="false"/>
            <line number="202" hits="1" branch="false"/>
            <line number="203" hits="1" branch="false"/>
            <line number="204" hits="1" branch="false"/>
            <line number="205" hits="1" branch="false"/>
            <line number="206" hits="1" branch="false"/>
            <line number="207" hits="1" branch="false"/>
            <line number="208" hits="5" branch="false"/>
            <line number="209" hits="4" branch="false"/>
            <line number="210" hits="4" branch="false"/>
            <line number="211" hits="4" branch="false"/>
            <line number="212" hits="5" branch="false"/>
            <line number="213" hits="0" branch="false"/>
            <line number="214" hits="5" branch="false"/>
            <line number="215" hits="0" branch="false"/>
            <line number="217" hits="5" branch="false"/>
            <line number="218" hits="5" branch="false"/>
            <line number="219" hits="5" branch="false"/>
            <line number="220" hits="1" branch="false"/>
            <line number="222" hits="1" branch="false"/>
            <line number="223" hits="1" branch="false"/>
            <line number="224" hits="1" branch="false"/>
            <line number="225" hits="1" branch="false"/>
            <line number="226" hits="1" branch="false"/>
            <line number="227" hits="1" branch="false"/>
            <line number="228" hits="1" branch="false"/>
            <line number="229" hits="1" branch="false"/>
            <line number="230" hits="1" branch="false"/>
            <line number="231" hits="1" branch="false"/>
            <line number="232" hits="1" branch="false"/>
            <line number="233" hits="1" branch="false"/>
            <line number="234" hits="1" branch="false"/>
            <line number="235" hits="1" branch="false"/>
            <line number="236" hits="1" branch="false"/>
            <line number="237" hits="1" branch="false"/>
            <line number="238" hits="1" branch="false"/>
            <line number="239" hits="1" branch="false"/>
            <line number="240" hits="1" branch="false"/>
            <line number="241" hits="1" branch="false"/>
            <line number="242" hits="1" branch="false"/>
            <line number="243" hits="1" branch="false"/>
            <line number="244" hits="1" branch="false"/>
            <line number="245" hits="1" branch="false"/>
            <line number="246" hits="1" branch="false"/>
            <line number="247" hits="1" branch="false"/>
            <line number="248" hits="1" branch="false"/>
            <line number="249" hits="1" branch="false"/>
            <line number="250" hits="1" branch="false"/>
            <line number="251" hits="1" branch="false"/>
            <line number="252" hits="1" branch="false"/>
            <line number="253" hits="1" branch="false"/>
            <line number="254" hits="1" branch="false"/>
            <line number="255" hits="1" branch="false"/>
            <line number="256" hits="1" branch="false"/>
            <line number="257" hits="1" branch="false"/>
            <line number="260" hits="5" branch="false"/>
            <line number="261" hits="5" branch="false"/>
            <line number="262" hits="5" branch="false"/>
            <line number="264" hits="5" branch="false"/>
            <line number="265" hits="5" branch="false"/>
            <line number="266" hits="5" branch="false"/>
            <line number="267" hits="5" branch="false"/>
            <line number="268" hits="5" branch="false"/>
            <line number="269" hits="5" branch="false"/>
            <line number="270" hits="5" branch="false"/>
            <line number="272" hits="5" branch="false"/>
          </lines>
        </class>
        <class name="rfs_validation.R" filename="R/rfs_validation.R" line-rate="0.992307692307692" branch-rate="0" complexity="0">
          <methods>
            <method name="rfs_validation" signature="" line-rate="0.992307692307692" branch-rate="0" complexity="0">
              <lines>
                <line number="28" hits="5" branch="false"/>
                <line number="29" hits="1" branch="false"/>
                <line number="30" hits="1" branch="false"/>
                <line number="31" hits="1" branch="false"/>
                <line number="34" hits="4" branch="false"/>
                <line number="35" hits="1" branch="false"/>
                <line number="36" hits="1" branch="false"/>
                <line number="37" hits="1" branch="false"/>
                <line number="41" hits="3" branch="false"/>
                <line number="42" hits="3" branch="false"/>
                <line number="43" hits="3" branch="false"/>
                <line number="44" hits="3" branch="false"/>
                <line number="46" hits="1" branch="false"/>
                <line number="47" hits="1" branch="false"/>
                <line number="48" hits="1" branch="false"/>
                <line number="52" hits="2" branch="false"/>
                <line number="53" hits="2" branch="false"/>
                <line number="54" hits="2" branch="false"/>
                <line number="55" hits="2" branch="false"/>
                <line number="56" hits="2" branch="false"/>
                <line number="58" hits="1" branch="false"/>
                <line number="59" hits="1" branch="false"/>
                <line number="60" hits="1" branch="false"/>
                <line number="63" hits="1" branch="false"/>
                <line number="64" hits="1" branch="false"/>
                <line number="65" hits="1" branch="false"/>
                <line number="66" hits="1" branch="false"/>
                <line number="68" hits="1" branch="false"/>
                <line number="69" hits="1" branch="false"/>
                <line number="70" hits="1" branch="false"/>
                <line number="71" hits="1" branch="false"/>
                <line number="73" hits="1" branch="false"/>
                <line number="74" hits="1" branch="false"/>
                <line number="75" hits="1" branch="false"/>
                <line number="76" hits="1" branch="false"/>
                <line number="77" hits="1" branch="false"/>
                <line number="78" hits="1" branch="false"/>
                <line number="79" hits="1" branch="false"/>
                <line number="80" hits="1" branch="false"/>
                <line number="81" hits="1" branch="false"/>
                <line number="83" hits="0" branch="false"/>
                <line number="86" hits="1" branch="false"/>
                <line number="87" hits="1" branch="false"/>
                <line number="88" hits="1" branch="false"/>
                <line number="89" hits="1" branch="false"/>
                <line number="90" hits="1" branch="false"/>
                <line number="91" hits="1" branch="false"/>
                <line number="92" hits="1" branch="false"/>
                <line number="93" hits="1" branch="false"/>
                <line number="94" hits="1" branch="false"/>
                <line number="95" hits="1" branch="false"/>
                <line number="96" hits="1" branch="false"/>
                <line number="97" hits="1" branch="false"/>
                <line number="98" hits="1" branch="false"/>
                <line number="99" hits="1" branch="false"/>
                <line number="100" hits="1" branch="false"/>
                <line number="101" hits="1" branch="false"/>
                <line number="102" hits="1" branch="false"/>
                <line number="103" hits="1" branch="false"/>
                <line number="104" hits="1" branch="false"/>
                <line number="105" hits="1" branch="false"/>
                <line number="106" hits="1" branch="false"/>
                <line number="107" hits="1" branch="false"/>
                <line number="108" hits="1" branch="false"/>
                <line number="109" hits="1" branch="false"/>
                <line number="110" hits="1" branch="false"/>
                <line number="111" hits="1" branch="false"/>
                <line number="112" hits="1" branch="false"/>
                <line number="113" hits="1" branch="false"/>
                <line number="114" hits="1" branch="false"/>
                <line number="115" hits="1" branch="false"/>
                <line number="116" hits="1" branch="false"/>
                <line number="117" hits="1" branch="false"/>
                <line number="118" hits="1" branch="false"/>
                <line number="119" hits="1" branch="false"/>
                <line number="120" hits="1" branch="false"/>
                <line number="121" hits="1" branch="false"/>
                <line number="122" hits="1" branch="false"/>
                <line number="123" hits="1" branch="false"/>
                <line number="124" hits="1" branch="false"/>
                <line number="125" hits="1" branch="false"/>
                <line number="126" hits="1" branch="false"/>
                <line number="128" hits="1" branch="false"/>
                <line number="130" hits="1" branch="false"/>
                <line number="131" hits="1" branch="false"/>
                <line number="132" hits="1" branch="false"/>
                <line number="133" hits="1" branch="false"/>
                <line number="134" hits="1" branch="false"/>
                <line number="135" hits="1" branch="false"/>
                <line number="136" hits="1" branch="false"/>
                <line number="137" hits="1" branch="false"/>
                <line number="138" hits="1" branch="false"/>
                <line number="139" hits="1" branch="false"/>
                <line number="140" hits="1" branch="false"/>
                <line number="141" hits="1" branch="false"/>
                <line number="142" hits="1" branch="false"/>
                <line number="143" hits="1" branch="false"/>
                <line number="144" hits="1" branch="false"/>
                <line number="145" hits="1" branch="false"/>
                <line number="146" hits="1" branch="false"/>
                <line number="147" hits="1" branch="false"/>
                <line number="148" hits="1" branch="false"/>
                <line number="149" hits="1" branch="false"/>
                <line number="150" hits="1" branch="false"/>
                <line number="151" hits="1" branch="false"/>
                <line number="152" hits="1" branch="false"/>
                <line number="153" hits="1" branch="false"/>
                <line number="154" hits="1" branch="false"/>
                <line number="155" hits="1" branch="false"/>
                <line number="156" hits="1" branch="false"/>
                <line number="157" hits="1" branch="false"/>
                <line number="158" hits="1" branch="false"/>
                <line number="159" hits="1" branch="false"/>
                <line number="160" hits="1" branch="false"/>
                <line number="161" hits="1" branch="false"/>
                <line number="162" hits="1" branch="false"/>
                <line number="163" hits="1" branch="false"/>
                <line number="164" hits="1" branch="false"/>
                <line number="166" hits="1" branch="false"/>
                <line number="167" hits="1" branch="false"/>
                <line number="168" hits="1" branch="false"/>
                <line number="169" hits="1" branch="false"/>
                <line number="171" hits="1" branch="false"/>
                <line number="172" hits="1" branch="false"/>
                <line number="173" hits="1" branch="false"/>
                <line number="174" hits="1" branch="false"/>
                <line number="175" hits="1" branch="false"/>
                <line number="177" hits="1" branch="false"/>
                <line number="178" hits="1" branch="false"/>
                <line number="180" hits="1" branch="false"/>
              </lines>
            </method>
          </methods>
          <lines>
            <line number="28" hits="5" branch="false"/>
            <line number="29" hits="1" branch="false"/>
            <line number="30" hits="1" branch="false"/>
            <line number="31" hits="1" branch="false"/>
            <line number="34" hits="4" branch="false"/>
            <line number="35" hits="1" branch="false"/>
            <line number="36" hits="1" branch="false"/>
            <line number="37" hits="1" branch="false"/>
            <line number="41" hits="3" branch="false"/>
            <line number="42" hits="3" branch="false"/>
            <line number="43" hits="3" branch="false"/>
            <line number="44" hits="3" branch="false"/>
            <line number="46" hits="1" branch="false"/>
            <line number="47" hits="1" branch="false"/>
            <line number="48" hits="1" branch="false"/>
            <line number="52" hits="2" branch="false"/>
            <line number="53" hits="2" branch="false"/>
            <line number="54" hits="2" branch="false"/>
            <line number="55" hits="2" branch="false"/>
            <line number="56" hits="2" branch="false"/>
            <line number="58" hits="1" branch="false"/>
            <line number="59" hits="1" branch="false"/>
            <line number="60" hits="1" branch="false"/>
            <line number="63" hits="1" branch="false"/>
            <line number="64" hits="1" branch="false"/>
            <line number="65" hits="1" branch="false"/>
            <line number="66" hits="1" branch="false"/>
            <line number="68" hits="1" branch="false"/>
            <line number="69" hits="1" branch="false"/>
            <line number="70" hits="1" branch="false"/>
            <line number="71" hits="1" branch="false"/>
            <line number="73" hits="1" branch="false"/>
            <line number="74" hits="1" branch="false"/>
            <line number="75" hits="1" branch="false"/>
            <line number="76" hits="1" branch="false"/>
            <line number="77" hits="1" branch="false"/>
            <line number="78" hits="1" branch="false"/>
            <line number="79" hits="1" branch="false"/>
            <line number="80" hits="1" branch="false"/>
            <line number="81" hits="1" branch="false"/>
            <line number="83" hits="0" branch="false"/>
            <line number="86" hits="1" branch="false"/>
            <line number="87" hits="1" branch="false"/>
            <line number="88" hits="1" branch="false"/>
            <line number="89" hits="1" branch="false"/>
            <line number="90" hits="1" branch="false"/>
            <line number="91" hits="1" branch="false"/>
            <line number="92" hits="1" branch="false"/>
            <line number="93" hits="1" branch="false"/>
            <line number="94" hits="1" branch="false"/>
            <line number="95" hits="1" branch="false"/>
            <line number="96" hits="1" branch="false"/>
            <line number="97" hits="1" branch="false"/>
            <line number="98" hits="1" branch="false"/>
            <line number="99" hits="1" branch="false"/>
            <line number="100" hits="1" branch="false"/>
            <line number="101" hits="1" branch="false"/>
            <line number="102" hits="1" branch="false"/>
            <line number="103" hits="1" branch="false"/>
            <line number="104" hits="1" branch="false"/>
            <line number="105" hits="1" branch="false"/>
            <line number="106" hits="1" branch="false"/>
            <line number="107" hits="1" branch="false"/>
            <line number="108" hits="1" branch="false"/>
            <line number="109" hits="1" branch="false"/>
            <line number="110" hits="1" branch="false"/>
            <line number="111" hits="1" branch="false"/>
            <line number="112" hits="1" branch="false"/>
            <line number="113" hits="1" branch="false"/>
            <line number="114" hits="1" branch="false"/>
            <line number="115" hits="1" branch="false"/>
            <line number="116" hits="1" branch="false"/>
            <line number="117" hits="1" branch="false"/>
            <line number="118" hits="1" branch="false"/>
            <line number="119" hits="1" branch="false"/>
            <line number="120" hits="1" branch="false"/>
            <line number="121" hits="1" branch="false"/>
            <line number="122" hits="1" branch="false"/>
            <line number="123" hits="1" branch="false"/>
            <line number="124" hits="1" branch="false"/>
            <line number="125" hits="1" branch="false"/>
            <line number="126" hits="1" branch="false"/>
            <line number="128" hits="1" branch="false"/>
            <line number="130" hits="1" branch="false"/>
            <line number="131" hits="1" branch="false"/>
            <line number="132" hits="1" branch="false"/>
            <line number="133" hits="1" branch="false"/>
            <line number="134" hits="1" branch="false"/>
            <line number="135" hits="1" branch="false"/>
            <line number="136" hits="1" branch="false"/>
            <line number="137" hits="1" branch="false"/>
            <line number="138" hits="1" branch="false"/>
            <line number="139" hits="1" branch="false"/>
            <line number="140" hits="1" branch="false"/>
            <line number="141" hits="1" branch="false"/>
            <line number="142" hits="1" branch="false"/>
            <line number="143" hits="1" branch="false"/>
            <line number="144" hits="1" branch="false"/>
            <line number="145" hits="1" branch="false"/>
            <line number="146" hits="1" branch="false"/>
            <line number="147" hits="1" branch="false"/>
            <line number="148" hits="1" branch="false"/>
            <line number="149" hits="1" branch="false"/>
            <line number="150" hits="1" branch="false"/>
            <line number="151" hits="1" branch="false"/>
            <line number="152" hits="1" branch="false"/>
            <line number="153" hits="1" branch="false"/>
            <line number="154" hits="1" branch="false"/>
            <line number="155" hits="1" branch="false"/>
            <line number="156" hits="1" branch="false"/>
            <line number="157" hits="1" branch="false"/>
            <line number="158" hits="1" branch="false"/>
            <line number="159" hits="1" branch="false"/>
            <line number="160" hits="1" branch="false"/>
            <line number="161" hits="1" branch="false"/>
            <line number="162" hits="1" branch="false"/>
            <line number="163" hits="1" branch="false"/>
            <line number="164" hits="1" branch="false"/>
            <line number="166" hits="1" branch="false"/>
            <line number="167" hits="1" branch="false"/>
            <line number="168" hits="1" branch="false"/>
            <line number="169" hits="1" branch="false"/>
            <line number="171" hits="1" branch="false"/>
            <line number="172" hits="1" branch="false"/>
            <line number="173" hits="1" branch="false"/>
            <line number="174" hits="1" branch="false"/>
            <line number="175" hits="1" branch="false"/>
            <line number="177" hits="1" branch="false"/>
            <line number="178" hits="1" branch="false"/>
            <line number="180" hits="1" branch="false"/>
          </lines>
        </class>
      </classes>
    </package>
  </packages>
</coverage>
