<?xml version="1.0" encoding="UTF-8"?>
<!DOCTYPE coverage SYSTEM "https://raw.githubusercontent.com/cobertura/cobertura/master/cobertura/src/site/htdocs/xml/coverage-04.dtd">
<coverage line-rate="0.988372093023256" branch-rate="0" lines-covered="1020" lines-valid="1032" branches-covered="0" branches-valid="0" complexity="0" version="3.6.4" timestamp="2025-05-14 16:14:35.817232">
  <sources>
    <source>C:/Users/fabri/OneDrive/Programming/r/repos/rFishStatus</source>
  </sources>
  <packages>
    <package name="rFishStatus" line-rate="0.988372093023256" branch-rate="0" complexity="0">
      <classes>
        <class name="rfs_get_species_list.R" filename="R/rfs_get_species_list.R" line-rate="0.987847222222222" branch-rate="0" complexity="0">
          <methods>
            <method name="rfs_get_species_list" signature="" line-rate="0.987847222222222" branch-rate="0" complexity="0">
              <lines>
                <line number="13" hits="9" branch="false"/>
                <line number="14" hits="1" branch="false"/>
                <line number="17" hits="8" branch="false"/>
                <line number="18" hits="8" branch="false"/>
                <line number="19" hits="8" branch="false"/>
                <line number="21" hits="8" branch="false"/>
                <line number="22" hits="8" branch="false"/>
                <line number="23" hits="8" branch="false"/>
                <line number="24" hits="8" branch="false"/>
                <line number="25" hits="8" branch="false"/>
                <line number="26" hits="8" branch="false"/>
                <line number="27" hits="8" branch="false"/>
                <line number="28" hits="8" branch="false"/>
                <line number="29" hits="8" branch="false"/>
                <line number="30" hits="8" branch="false"/>
                <line number="31" hits="8" branch="false"/>
                <line number="32" hits="8" branch="false"/>
                <line number="34" hits="8" branch="false"/>
                <line number="35" hits="8" branch="false"/>
                <line number="36" hits="8" branch="false"/>
                <line number="37" hits="8" branch="false"/>
                <line number="38" hits="8" branch="false"/>
                <line number="39" hits="8" branch="false"/>
                <line number="40" hits="8" branch="false"/>
                <line number="41" hits="8" branch="false"/>
                <line number="42" hits="8" branch="false"/>
                <line number="44" hits="8" branch="false"/>
                <line number="45" hits="8" branch="false"/>
                <line number="46" hits="8" branch="false"/>
                <line number="47" hits="8" branch="false"/>
                <line number="48" hits="8" branch="false"/>
                <line number="49" hits="8" branch="false"/>
                <line number="50" hits="8" branch="false"/>
                <line number="51" hits="8" branch="false"/>
                <line number="52" hits="8" branch="false"/>
                <line number="53" hits="8" branch="false"/>
                <line number="54" hits="8" branch="false"/>
                <line number="56" hits="8" branch="false"/>
                <line number="57" hits="8" branch="false"/>
                <line number="58" hits="8" branch="false"/>
                <line number="59" hits="8" branch="false"/>
                <line number="60" hits="8" branch="false"/>
                <line number="61" hits="8" branch="false"/>
                <line number="62" hits="8" branch="false"/>
                <line number="63" hits="8" branch="false"/>
                <line number="64" hits="8" branch="false"/>
                <line number="65" hits="8" branch="false"/>
                <line number="66" hits="8" branch="false"/>
                <line number="67" hits="8" branch="false"/>
                <line number="70" hits="8" branch="false"/>
                <line number="71" hits="8" branch="false"/>
                <line number="72" hits="8" branch="false"/>
                <line number="73" hits="8" branch="false"/>
                <line number="74" hits="8" branch="false"/>
                <line number="75" hits="8" branch="false"/>
                <line number="76" hits="8" branch="false"/>
                <line number="77" hits="8" branch="false"/>
                <line number="78" hits="8" branch="false"/>
                <line number="79" hits="8" branch="false"/>
                <line number="80" hits="8" branch="false"/>
                <line number="81" hits="8" branch="false"/>
                <line number="82" hits="8" branch="false"/>
                <line number="83" hits="8" branch="false"/>
                <line number="84" hits="8" branch="false"/>
                <line number="85" hits="8" branch="false"/>
                <line number="86" hits="8" branch="false"/>
                <line number="87" hits="8" branch="false"/>
                <line number="88" hits="8" branch="false"/>
                <line number="89" hits="8" branch="false"/>
                <line number="90" hits="8" branch="false"/>
                <line number="91" hits="8" branch="false"/>
                <line number="92" hits="8" branch="false"/>
                <line number="93" hits="8" branch="false"/>
                <line number="94" hits="8" branch="false"/>
                <line number="95" hits="8" branch="false"/>
                <line number="96" hits="8" branch="false"/>
                <line number="97" hits="8" branch="false"/>
                <line number="98" hits="8" branch="false"/>
                <line number="99" hits="8" branch="false"/>
                <line number="100" hits="8" branch="false"/>
                <line number="101" hits="8" branch="false"/>
                <line number="102" hits="8" branch="false"/>
                <line number="103" hits="8" branch="false"/>
                <line number="104" hits="8" branch="false"/>
                <line number="105" hits="8" branch="false"/>
                <line number="106" hits="8" branch="false"/>
                <line number="107" hits="8" branch="false"/>
                <line number="108" hits="8" branch="false"/>
                <line number="109" hits="8" branch="false"/>
                <line number="111" hits="8" branch="false"/>
                <line number="112" hits="8" branch="false"/>
                <line number="113" hits="8" branch="false"/>
                <line number="114" hits="8" branch="false"/>
                <line number="115" hits="8" branch="false"/>
                <line number="116" hits="8" branch="false"/>
                <line number="117" hits="8" branch="false"/>
                <line number="118" hits="8" branch="false"/>
                <line number="119" hits="8" branch="false"/>
                <line number="120" hits="8" branch="false"/>
                <line number="121" hits="8" branch="false"/>
                <line number="122" hits="8" branch="false"/>
                <line number="123" hits="8" branch="false"/>
                <line number="124" hits="8" branch="false"/>
                <line number="125" hits="8" branch="false"/>
                <line number="126" hits="8" branch="false"/>
                <line number="127" hits="8" branch="false"/>
                <line number="128" hits="8" branch="false"/>
                <line number="129" hits="8" branch="false"/>
                <line number="130" hits="8" branch="false"/>
                <line number="131" hits="8" branch="false"/>
                <line number="132" hits="8" branch="false"/>
                <line number="133" hits="8" branch="false"/>
                <line number="134" hits="8" branch="false"/>
                <line number="135" hits="8" branch="false"/>
                <line number="136" hits="8" branch="false"/>
                <line number="137" hits="8" branch="false"/>
                <line number="138" hits="8" branch="false"/>
                <line number="139" hits="8" branch="false"/>
                <line number="140" hits="8" branch="false"/>
                <line number="141" hits="8" branch="false"/>
                <line number="142" hits="8" branch="false"/>
                <line number="143" hits="8" branch="false"/>
                <line number="144" hits="8" branch="false"/>
                <line number="145" hits="8" branch="false"/>
                <line number="146" hits="8" branch="false"/>
                <line number="147" hits="8" branch="false"/>
                <line number="148" hits="8" branch="false"/>
                <line number="149" hits="8" branch="false"/>
                <line number="150" hits="8" branch="false"/>
                <line number="151" hits="8" branch="false"/>
                <line number="152" hits="8" branch="false"/>
                <line number="153" hits="8" branch="false"/>
                <line number="154" hits="8" branch="false"/>
                <line number="155" hits="8" branch="false"/>
                <line number="156" hits="8" branch="false"/>
                <line number="157" hits="8" branch="false"/>
                <line number="158" hits="8" branch="false"/>
                <line number="159" hits="8" branch="false"/>
                <line number="160" hits="8" branch="false"/>
                <line number="161" hits="8" branch="false"/>
                <line number="162" hits="8" branch="false"/>
                <line number="163" hits="8" branch="false"/>
                <line number="164" hits="8" branch="false"/>
                <line number="165" hits="8" branch="false"/>
                <line number="166" hits="8" branch="false"/>
                <line number="168" hits="8" branch="false"/>
                <line number="169" hits="8" branch="false"/>
                <line number="170" hits="8" branch="false"/>
                <line number="171" hits="8" branch="false"/>
                <line number="172" hits="8" branch="false"/>
                <line number="173" hits="8" branch="false"/>
                <line number="174" hits="8" branch="false"/>
                <line number="175" hits="8" branch="false"/>
                <line number="176" hits="8" branch="false"/>
                <line number="177" hits="8" branch="false"/>
                <line number="178" hits="8" branch="false"/>
                <line number="179" hits="8" branch="false"/>
                <line number="180" hits="8" branch="false"/>
                <line number="181" hits="8" branch="false"/>
                <line number="182" hits="8" branch="false"/>
                <line number="183" hits="8" branch="false"/>
                <line number="184" hits="8" branch="false"/>
                <line number="185" hits="8" branch="false"/>
                <line number="186" hits="8" branch="false"/>
                <line number="187" hits="8" branch="false"/>
                <line number="188" hits="8" branch="false"/>
                <line number="189" hits="8" branch="false"/>
                <line number="190" hits="8" branch="false"/>
                <line number="191" hits="8" branch="false"/>
                <line number="192" hits="8" branch="false"/>
                <line number="193" hits="8" branch="false"/>
                <line number="194" hits="8" branch="false"/>
                <line number="195" hits="8" branch="false"/>
                <line number="198" hits="8" branch="false"/>
                <line number="199" hits="8" branch="false"/>
                <line number="200" hits="8" branch="false"/>
                <line number="201" hits="8" branch="false"/>
                <line number="202" hits="8" branch="false"/>
                <line number="203" hits="8" branch="false"/>
                <line number="204" hits="8" branch="false"/>
                <line number="205" hits="8" branch="false"/>
                <line number="207" hits="8" branch="false"/>
                <line number="208" hits="8" branch="false"/>
                <line number="209" hits="8" branch="false"/>
                <line number="210" hits="8" branch="false"/>
                <line number="211" hits="8" branch="false"/>
                <line number="212" hits="8" branch="false"/>
                <line number="213" hits="8" branch="false"/>
                <line number="214" hits="8" branch="false"/>
                <line number="215" hits="8" branch="false"/>
                <line number="216" hits="8" branch="false"/>
                <line number="217" hits="8" branch="false"/>
                <line number="218" hits="8" branch="false"/>
                <line number="219" hits="8" branch="false"/>
                <line number="220" hits="8" branch="false"/>
                <line number="221" hits="8" branch="false"/>
                <line number="222" hits="8" branch="false"/>
                <line number="223" hits="8" branch="false"/>
                <line number="224" hits="8" branch="false"/>
                <line number="225" hits="8" branch="false"/>
                <line number="226" hits="8" branch="false"/>
                <line number="227" hits="8" branch="false"/>
                <line number="228" hits="8" branch="false"/>
                <line number="229" hits="8" branch="false"/>
                <line number="230" hits="8" branch="false"/>
                <line number="231" hits="8" branch="false"/>
                <line number="232" hits="8" branch="false"/>
                <line number="233" hits="8" branch="false"/>
                <line number="234" hits="8" branch="false"/>
                <line number="235" hits="8" branch="false"/>
                <line number="236" hits="8" branch="false"/>
                <line number="237" hits="8" branch="false"/>
                <line number="238" hits="8" branch="false"/>
                <line number="239" hits="8" branch="false"/>
                <line number="240" hits="8" branch="false"/>
                <line number="241" hits="8" branch="false"/>
                <line number="242" hits="8" branch="false"/>
                <line number="243" hits="8" branch="false"/>
                <line number="244" hits="8" branch="false"/>
                <line number="245" hits="8" branch="false"/>
                <line number="246" hits="8" branch="false"/>
                <line number="247" hits="8" branch="false"/>
                <line number="248" hits="8" branch="false"/>
                <line number="249" hits="8" branch="false"/>
                <line number="250" hits="8" branch="false"/>
                <line number="251" hits="8" branch="false"/>
                <line number="252" hits="8" branch="false"/>
                <line number="253" hits="8" branch="false"/>
                <line number="254" hits="8" branch="false"/>
                <line number="255" hits="8" branch="false"/>
                <line number="256" hits="8" branch="false"/>
                <line number="257" hits="8" branch="false"/>
                <line number="258" hits="8" branch="false"/>
                <line number="259" hits="8" branch="false"/>
                <line number="260" hits="8" branch="false"/>
                <line number="261" hits="8" branch="false"/>
                <line number="262" hits="8" branch="false"/>
                <line number="263" hits="8" branch="false"/>
                <line number="264" hits="8" branch="false"/>
                <line number="265" hits="8" branch="false"/>
                <line number="266" hits="8" branch="false"/>
                <line number="267" hits="8" branch="false"/>
                <line number="268" hits="8" branch="false"/>
                <line number="269" hits="8" branch="false"/>
                <line number="270" hits="8" branch="false"/>
                <line number="271" hits="8" branch="false"/>
                <line number="272" hits="8" branch="false"/>
                <line number="273" hits="8" branch="false"/>
                <line number="274" hits="8" branch="false"/>
                <line number="275" hits="8" branch="false"/>
                <line number="276" hits="8" branch="false"/>
                <line number="277" hits="8" branch="false"/>
                <line number="278" hits="8" branch="false"/>
                <line number="279" hits="8" branch="false"/>
                <line number="280" hits="8" branch="false"/>
                <line number="282" hits="8" branch="false"/>
                <line number="283" hits="8" branch="false"/>
                <line number="284" hits="8" branch="false"/>
                <line number="285" hits="8" branch="false"/>
                <line number="286" hits="8" branch="false"/>
                <line number="287" hits="8" branch="false"/>
                <line number="288" hits="8" branch="false"/>
                <line number="289" hits="8" branch="false"/>
                <line number="291" hits="8" branch="false"/>
                <line number="292" hits="8" branch="false"/>
                <line number="293" hits="8" branch="false"/>
                <line number="294" hits="8" branch="false"/>
                <line number="295" hits="8" branch="false"/>
                <line number="296" hits="8" branch="false"/>
                <line number="297" hits="8" branch="false"/>
                <line number="298" hits="8" branch="false"/>
                <line number="300" hits="8" branch="false"/>
                <line number="301" hits="8" branch="false"/>
                <line number="302" hits="8" branch="false"/>
                <line number="303" hits="8" branch="false"/>
                <line number="304" hits="8" branch="false"/>
                <line number="305" hits="8" branch="false"/>
                <line number="306" hits="8" branch="false"/>
                <line number="307" hits="8" branch="false"/>
                <line number="308" hits="8" branch="false"/>
                <line number="309" hits="8" branch="false"/>
                <line number="310" hits="8" branch="false"/>
                <line number="311" hits="8" branch="false"/>
                <line number="312" hits="8" branch="false"/>
                <line number="313" hits="8" branch="false"/>
                <line number="314" hits="8" branch="false"/>
                <line number="315" hits="8" branch="false"/>
                <line number="316" hits="8" branch="false"/>
                <line number="317" hits="8" branch="false"/>
                <line number="318" hits="8" branch="false"/>
                <line number="319" hits="8" branch="false"/>
                <line number="320" hits="8" branch="false"/>
                <line number="321" hits="8" branch="false"/>
                <line number="322" hits="8" branch="false"/>
                <line number="323" hits="8" branch="false"/>
                <line number="324" hits="8" branch="false"/>
                <line number="325" hits="8" branch="false"/>
                <line number="326" hits="8" branch="false"/>
                <line number="327" hits="8" branch="false"/>
                <line number="328" hits="8" branch="false"/>
                <line number="329" hits="8" branch="false"/>
                <line number="330" hits="8" branch="false"/>
                <line number="331" hits="8" branch="false"/>
                <line number="332" hits="8" branch="false"/>
                <line number="333" hits="8" branch="false"/>
                <line number="334" hits="8" branch="false"/>
                <line number="335" hits="8" branch="false"/>
                <line number="336" hits="8" branch="false"/>
                <line number="337" hits="8" branch="false"/>
                <line number="338" hits="8" branch="false"/>
                <line number="339" hits="8" branch="false"/>
                <line number="342" hits="8" branch="false"/>
                <line number="343" hits="8" branch="false"/>
                <line number="344" hits="8" branch="false"/>
                <line number="345" hits="8" branch="false"/>
                <line number="346" hits="8" branch="false"/>
                <line number="347" hits="8" branch="false"/>
                <line number="348" hits="8" branch="false"/>
                <line number="350" hits="8" branch="false"/>
                <line number="351" hits="8" branch="false"/>
                <line number="352" hits="8" branch="false"/>
                <line number="353" hits="8" branch="false"/>
                <line number="354" hits="8" branch="false"/>
                <line number="355" hits="8" branch="false"/>
                <line number="356" hits="8" branch="false"/>
                <line number="357" hits="8" branch="false"/>
                <line number="358" hits="8" branch="false"/>
                <line number="359" hits="8" branch="false"/>
                <line number="360" hits="8" branch="false"/>
                <line number="361" hits="8" branch="false"/>
                <line number="362" hits="8" branch="false"/>
                <line number="364" hits="8" branch="false"/>
                <line number="365" hits="8" branch="false"/>
                <line number="366" hits="8" branch="false"/>
                <line number="367" hits="8" branch="false"/>
                <line number="368" hits="8" branch="false"/>
                <line number="369" hits="8" branch="false"/>
                <line number="370" hits="8" branch="false"/>
                <line number="371" hits="8" branch="false"/>
                <line number="372" hits="8" branch="false"/>
                <line number="373" hits="8" branch="false"/>
                <line number="374" hits="8" branch="false"/>
                <line number="375" hits="8" branch="false"/>
                <line number="376" hits="8" branch="false"/>
                <line number="377" hits="8" branch="false"/>
                <line number="378" hits="8" branch="false"/>
                <line number="380" hits="8" branch="false"/>
                <line number="381" hits="8" branch="false"/>
                <line number="382" hits="8" branch="false"/>
                <line number="383" hits="8" branch="false"/>
                <line number="385" hits="8" branch="false"/>
                <line number="386" hits="8" branch="false"/>
                <line number="387" hits="8" branch="false"/>
                <line number="388" hits="8" branch="false"/>
                <line number="389" hits="8" branch="false"/>
                <line number="390" hits="8" branch="false"/>
                <line number="391" hits="8" branch="false"/>
                <line number="392" hits="8" branch="false"/>
                <line number="393" hits="8" branch="false"/>
                <line number="394" hits="8" branch="false"/>
                <line number="395" hits="8" branch="false"/>
                <line number="396" hits="8" branch="false"/>
                <line number="397" hits="8" branch="false"/>
                <line number="398" hits="8" branch="false"/>
                <line number="399" hits="8" branch="false"/>
                <line number="400" hits="8" branch="false"/>
                <line number="401" hits="8" branch="false"/>
                <line number="402" hits="8" branch="false"/>
                <line number="403" hits="8" branch="false"/>
                <line number="404" hits="8" branch="false"/>
                <line number="405" hits="8" branch="false"/>
                <line number="406" hits="8" branch="false"/>
                <line number="407" hits="8" branch="false"/>
                <line number="408" hits="8" branch="false"/>
                <line number="409" hits="8" branch="false"/>
                <line number="410" hits="8" branch="false"/>
                <line number="411" hits="8" branch="false"/>
                <line number="412" hits="8" branch="false"/>
                <line number="413" hits="8" branch="false"/>
                <line number="414" hits="8" branch="false"/>
                <line number="415" hits="8" branch="false"/>
                <line number="416" hits="8" branch="false"/>
                <line number="417" hits="8" branch="false"/>
                <line number="418" hits="8" branch="false"/>
                <line number="419" hits="8" branch="false"/>
                <line number="420" hits="8" branch="false"/>
                <line number="421" hits="8" branch="false"/>
                <line number="422" hits="8" branch="false"/>
                <line number="423" hits="8" branch="false"/>
                <line number="424" hits="8" branch="false"/>
                <line number="425" hits="8" branch="false"/>
                <line number="426" hits="8" branch="false"/>
                <line number="427" hits="8" branch="false"/>
                <line number="428" hits="8" branch="false"/>
                <line number="429" hits="8" branch="false"/>
                <line number="430" hits="8" branch="false"/>
                <line number="431" hits="8" branch="false"/>
                <line number="432" hits="8" branch="false"/>
                <line number="433" hits="8" branch="false"/>
                <line number="434" hits="8" branch="false"/>
                <line number="435" hits="8" branch="false"/>
                <line number="436" hits="8" branch="false"/>
                <line number="437" hits="8" branch="false"/>
                <line number="438" hits="8" branch="false"/>
                <line number="439" hits="8" branch="false"/>
                <line number="440" hits="8" branch="false"/>
                <line number="441" hits="8" branch="false"/>
                <line number="442" hits="8" branch="false"/>
                <line number="445" hits="8" branch="false"/>
                <line number="446" hits="8" branch="false"/>
                <line number="447" hits="8" branch="false"/>
                <line number="449" hits="8" branch="false"/>
                <line number="450" hits="8" branch="false"/>
                <line number="451" hits="8" branch="false"/>
                <line number="452" hits="8" branch="false"/>
                <line number="453" hits="8" branch="false"/>
                <line number="454" hits="8" branch="false"/>
                <line number="455" hits="8" branch="false"/>
                <line number="456" hits="8" branch="false"/>
                <line number="457" hits="8" branch="false"/>
                <line number="458" hits="8" branch="false"/>
                <line number="459" hits="8" branch="false"/>
                <line number="460" hits="8" branch="false"/>
                <line number="461" hits="8" branch="false"/>
                <line number="462" hits="8" branch="false"/>
                <line number="463" hits="8" branch="false"/>
                <line number="464" hits="8" branch="false"/>
                <line number="465" hits="8" branch="false"/>
                <line number="466" hits="8" branch="false"/>
                <line number="467" hits="8" branch="false"/>
                <line number="468" hits="8" branch="false"/>
                <line number="469" hits="8" branch="false"/>
                <line number="470" hits="8" branch="false"/>
                <line number="471" hits="8" branch="false"/>
                <line number="472" hits="8" branch="false"/>
                <line number="473" hits="8" branch="false"/>
                <line number="474" hits="8" branch="false"/>
                <line number="475" hits="8" branch="false"/>
                <line number="476" hits="8" branch="false"/>
                <line number="477" hits="8" branch="false"/>
                <line number="478" hits="8" branch="false"/>
                <line number="479" hits="8" branch="false"/>
                <line number="480" hits="8" branch="false"/>
                <line number="481" hits="8" branch="false"/>
                <line number="483" hits="8" branch="false"/>
                <line number="484" hits="8" branch="false"/>
                <line number="485" hits="8" branch="false"/>
                <line number="486" hits="8" branch="false"/>
                <line number="487" hits="8" branch="false"/>
                <line number="488" hits="8" branch="false"/>
                <line number="489" hits="8" branch="false"/>
                <line number="490" hits="8" branch="false"/>
                <line number="491" hits="8" branch="false"/>
                <line number="492" hits="8" branch="false"/>
                <line number="493" hits="8" branch="false"/>
                <line number="494" hits="8" branch="false"/>
                <line number="495" hits="8" branch="false"/>
                <line number="496" hits="8" branch="false"/>
                <line number="497" hits="8" branch="false"/>
                <line number="498" hits="8" branch="false"/>
                <line number="499" hits="8" branch="false"/>
                <line number="500" hits="8" branch="false"/>
                <line number="501" hits="8" branch="false"/>
                <line number="502" hits="8" branch="false"/>
                <line number="503" hits="8" branch="false"/>
                <line number="504" hits="8" branch="false"/>
                <line number="505" hits="8" branch="false"/>
                <line number="506" hits="8" branch="false"/>
                <line number="507" hits="8" branch="false"/>
                <line number="508" hits="8" branch="false"/>
                <line number="509" hits="8" branch="false"/>
                <line number="510" hits="8" branch="false"/>
                <line number="511" hits="8" branch="false"/>
                <line number="512" hits="8" branch="false"/>
                <line number="513" hits="8" branch="false"/>
                <line number="514" hits="8" branch="false"/>
                <line number="515" hits="8" branch="false"/>
                <line number="516" hits="8" branch="false"/>
                <line number="517" hits="8" branch="false"/>
                <line number="518" hits="8" branch="false"/>
                <line number="519" hits="8" branch="false"/>
                <line number="520" hits="8" branch="false"/>
                <line number="521" hits="8" branch="false"/>
                <line number="522" hits="8" branch="false"/>
                <line number="523" hits="8" branch="false"/>
                <line number="524" hits="8" branch="false"/>
                <line number="525" hits="8" branch="false"/>
                <line number="526" hits="8" branch="false"/>
                <line number="527" hits="8" branch="false"/>
                <line number="528" hits="8" branch="false"/>
                <line number="529" hits="8" branch="false"/>
                <line number="530" hits="8" branch="false"/>
                <line number="531" hits="8" branch="false"/>
                <line number="532" hits="8" branch="false"/>
                <line number="533" hits="8" branch="false"/>
                <line number="534" hits="8" branch="false"/>
                <line number="535" hits="8" branch="false"/>
                <line number="536" hits="8" branch="false"/>
                <line number="537" hits="8" branch="false"/>
                <line number="538" hits="8" branch="false"/>
                <line number="539" hits="8" branch="false"/>
                <line number="540" hits="8" branch="false"/>
                <line number="541" hits="8" branch="false"/>
                <line number="542" hits="8" branch="false"/>
                <line number="543" hits="8" branch="false"/>
                <line number="544" hits="8" branch="false"/>
                <line number="545" hits="8" branch="false"/>
                <line number="546" hits="8" branch="false"/>
                <line number="547" hits="8" branch="false"/>
                <line number="548" hits="8" branch="false"/>
                <line number="549" hits="8" branch="false"/>
                <line number="550" hits="8" branch="false"/>
                <line number="551" hits="8" branch="false"/>
                <line number="552" hits="8" branch="false"/>
                <line number="553" hits="8" branch="false"/>
                <line number="554" hits="8" branch="false"/>
                <line number="555" hits="8" branch="false"/>
                <line number="556" hits="8" branch="false"/>
                <line number="557" hits="8" branch="false"/>
                <line number="558" hits="8" branch="false"/>
                <line number="559" hits="8" branch="false"/>
                <line number="560" hits="8" branch="false"/>
                <line number="561" hits="8" branch="false"/>
                <line number="562" hits="8" branch="false"/>
                <line number="563" hits="8" branch="false"/>
                <line number="564" hits="8" branch="false"/>
                <line number="565" hits="8" branch="false"/>
                <line number="566" hits="8" branch="false"/>
                <line number="567" hits="8" branch="false"/>
                <line number="568" hits="8" branch="false"/>
                <line number="569" hits="8" branch="false"/>
                <line number="570" hits="8" branch="false"/>
                <line number="571" hits="8" branch="false"/>
                <line number="572" hits="8" branch="false"/>
                <line number="573" hits="8" branch="false"/>
                <line number="574" hits="8" branch="false"/>
                <line number="575" hits="8" branch="false"/>
                <line number="576" hits="8" branch="false"/>
                <line number="577" hits="8" branch="false"/>
                <line number="578" hits="8" branch="false"/>
                <line number="579" hits="8" branch="false"/>
                <line number="580" hits="8" branch="false"/>
                <line number="581" hits="8" branch="false"/>
                <line number="582" hits="8" branch="false"/>
                <line number="583" hits="8" branch="false"/>
                <line number="584" hits="8" branch="false"/>
                <line number="585" hits="8" branch="false"/>
                <line number="586" hits="8" branch="false"/>
                <line number="588" hits="8" branch="false"/>
                <line number="589" hits="8" branch="false"/>
                <line number="590" hits="8" branch="false"/>
                <line number="591" hits="8" branch="false"/>
                <line number="592" hits="8" branch="false"/>
                <line number="593" hits="8" branch="false"/>
                <line number="594" hits="8" branch="false"/>
                <line number="595" hits="8" branch="false"/>
                <line number="597" hits="8" branch="false"/>
                <line number="598" hits="0" branch="false"/>
                <line number="599" hits="0" branch="false"/>
                <line number="600" hits="0" branch="false"/>
                <line number="601" hits="0" branch="false"/>
                <line number="602" hits="0" branch="false"/>
                <line number="603" hits="0" branch="false"/>
                <line number="606" hits="8" branch="false"/>
                <line number="607" hits="0" branch="false"/>
                <line number="610" hits="8" branch="false"/>
                <line number="611" hits="8" branch="false"/>
                <line number="612" hits="8" branch="false"/>
                <line number="614" hits="8" branch="false"/>
                <line number="615" hits="1" branch="false"/>
                <line number="616" hits="1" branch="false"/>
                <line number="617" hits="1" branch="false"/>
                <line number="618" hits="1" branch="false"/>
                <line number="619" hits="1" branch="false"/>
                <line number="621" hits="1" branch="false"/>
                <line number="623" hits="7" branch="false"/>
              </lines>
            </method>
          </methods>
          <lines>
            <line number="13" hits="9" branch="false"/>
            <line number="14" hits="1" branch="false"/>
            <line number="17" hits="8" branch="false"/>
            <line number="18" hits="8" branch="false"/>
            <line number="19" hits="8" branch="false"/>
            <line number="21" hits="8" branch="false"/>
            <line number="22" hits="8" branch="false"/>
            <line number="23" hits="8" branch="false"/>
            <line number="24" hits="8" branch="false"/>
            <line number="25" hits="8" branch="false"/>
            <line number="26" hits="8" branch="false"/>
            <line number="27" hits="8" branch="false"/>
            <line number="28" hits="8" branch="false"/>
            <line number="29" hits="8" branch="false"/>
            <line number="30" hits="8" branch="false"/>
            <line number="31" hits="8" branch="false"/>
            <line number="32" hits="8" branch="false"/>
            <line number="34" hits="8" branch="false"/>
            <line number="35" hits="8" branch="false"/>
            <line number="36" hits="8" branch="false"/>
            <line number="37" hits="8" branch="false"/>
            <line number="38" hits="8" branch="false"/>
            <line number="39" hits="8" branch="false"/>
            <line number="40" hits="8" branch="false"/>
            <line number="41" hits="8" branch="false"/>
            <line number="42" hits="8" branch="false"/>
            <line number="44" hits="8" branch="false"/>
            <line number="45" hits="8" branch="false"/>
            <line number="46" hits="8" branch="false"/>
            <line number="47" hits="8" branch="false"/>
            <line number="48" hits="8" branch="false"/>
            <line number="49" hits="8" branch="false"/>
            <line number="50" hits="8" branch="false"/>
            <line number="51" hits="8" branch="false"/>
            <line number="52" hits="8" branch="false"/>
            <line number="53" hits="8" branch="false"/>
            <line number="54" hits="8" branch="false"/>
            <line number="56" hits="8" branch="false"/>
            <line number="57" hits="8" branch="false"/>
            <line number="58" hits="8" branch="false"/>
            <line number="59" hits="8" branch="false"/>
            <line number="60" hits="8" branch="false"/>
            <line number="61" hits="8" branch="false"/>
            <line number="62" hits="8" branch="false"/>
            <line number="63" hits="8" branch="false"/>
            <line number="64" hits="8" branch="false"/>
            <line number="65" hits="8" branch="false"/>
            <line number="66" hits="8" branch="false"/>
            <line number="67" hits="8" branch="false"/>
            <line number="70" hits="8" branch="false"/>
            <line number="71" hits="8" branch="false"/>
            <line number="72" hits="8" branch="false"/>
            <line number="73" hits="8" branch="false"/>
            <line number="74" hits="8" branch="false"/>
            <line number="75" hits="8" branch="false"/>
            <line number="76" hits="8" branch="false"/>
            <line number="77" hits="8" branch="false"/>
            <line number="78" hits="8" branch="false"/>
            <line number="79" hits="8" branch="false"/>
            <line number="80" hits="8" branch="false"/>
            <line number="81" hits="8" branch="false"/>
            <line number="82" hits="8" branch="false"/>
            <line number="83" hits="8" branch="false"/>
            <line number="84" hits="8" branch="false"/>
            <line number="85" hits="8" branch="false"/>
            <line number="86" hits="8" branch="false"/>
            <line number="87" hits="8" branch="false"/>
            <line number="88" hits="8" branch="false"/>
            <line number="89" hits="8" branch="false"/>
            <line number="90" hits="8" branch="false"/>
            <line number="91" hits="8" branch="false"/>
            <line number="92" hits="8" branch="false"/>
            <line number="93" hits="8" branch="false"/>
            <line number="94" hits="8" branch="false"/>
            <line number="95" hits="8" branch="false"/>
            <line number="96" hits="8" branch="false"/>
            <line number="97" hits="8" branch="false"/>
            <line number="98" hits="8" branch="false"/>
            <line number="99" hits="8" branch="false"/>
            <line number="100" hits="8" branch="false"/>
            <line number="101" hits="8" branch="false"/>
            <line number="102" hits="8" branch="false"/>
            <line number="103" hits="8" branch="false"/>
            <line number="104" hits="8" branch="false"/>
            <line number="105" hits="8" branch="false"/>
            <line number="106" hits="8" branch="false"/>
            <line number="107" hits="8" branch="false"/>
            <line number="108" hits="8" branch="false"/>
            <line number="109" hits="8" branch="false"/>
            <line number="111" hits="8" branch="false"/>
            <line number="112" hits="8" branch="false"/>
            <line number="113" hits="8" branch="false"/>
            <line number="114" hits="8" branch="false"/>
            <line number="115" hits="8" branch="false"/>
            <line number="116" hits="8" branch="false"/>
            <line number="117" hits="8" branch="false"/>
            <line number="118" hits="8" branch="false"/>
            <line number="119" hits="8" branch="false"/>
            <line number="120" hits="8" branch="false"/>
            <line number="121" hits="8" branch="false"/>
            <line number="122" hits="8" branch="false"/>
            <line number="123" hits="8" branch="false"/>
            <line number="124" hits="8" branch="false"/>
            <line number="125" hits="8" branch="false"/>
            <line number="126" hits="8" branch="false"/>
            <line number="127" hits="8" branch="false"/>
            <line number="128" hits="8" branch="false"/>
            <line number="129" hits="8" branch="false"/>
            <line number="130" hits="8" branch="false"/>
            <line number="131" hits="8" branch="false"/>
            <line number="132" hits="8" branch="false"/>
            <line number="133" hits="8" branch="false"/>
            <line number="134" hits="8" branch="false"/>
            <line number="135" hits="8" branch="false"/>
            <line number="136" hits="8" branch="false"/>
            <line number="137" hits="8" branch="false"/>
            <line number="138" hits="8" branch="false"/>
            <line number="139" hits="8" branch="false"/>
            <line number="140" hits="8" branch="false"/>
            <line number="141" hits="8" branch="false"/>
            <line number="142" hits="8" branch="false"/>
            <line number="143" hits="8" branch="false"/>
            <line number="144" hits="8" branch="false"/>
            <line number="145" hits="8" branch="false"/>
            <line number="146" hits="8" branch="false"/>
            <line number="147" hits="8" branch="false"/>
            <line number="148" hits="8" branch="false"/>
            <line number="149" hits="8" branch="false"/>
            <line number="150" hits="8" branch="false"/>
            <line number="151" hits="8" branch="false"/>
            <line number="152" hits="8" branch="false"/>
            <line number="153" hits="8" branch="false"/>
            <line number="154" hits="8" branch="false"/>
            <line number="155" hits="8" branch="false"/>
            <line number="156" hits="8" branch="false"/>
            <line number="157" hits="8" branch="false"/>
            <line number="158" hits="8" branch="false"/>
            <line number="159" hits="8" branch="false"/>
            <line number="160" hits="8" branch="false"/>
            <line number="161" hits="8" branch="false"/>
            <line number="162" hits="8" branch="false"/>
            <line number="163" hits="8" branch="false"/>
            <line number="164" hits="8" branch="false"/>
            <line number="165" hits="8" branch="false"/>
            <line number="166" hits="8" branch="false"/>
            <line number="168" hits="8" branch="false"/>
            <line number="169" hits="8" branch="false"/>
            <line number="170" hits="8" branch="false"/>
            <line number="171" hits="8" branch="false"/>
            <line number="172" hits="8" branch="false"/>
            <line number="173" hits="8" branch="false"/>
            <line number="174" hits="8" branch="false"/>
            <line number="175" hits="8" branch="false"/>
            <line number="176" hits="8" branch="false"/>
            <line number="177" hits="8" branch="false"/>
            <line number="178" hits="8" branch="false"/>
            <line number="179" hits="8" branch="false"/>
            <line number="180" hits="8" branch="false"/>
            <line number="181" hits="8" branch="false"/>
            <line number="182" hits="8" branch="false"/>
            <line number="183" hits="8" branch="false"/>
            <line number="184" hits="8" branch="false"/>
            <line number="185" hits="8" branch="false"/>
            <line number="186" hits="8" branch="false"/>
            <line number="187" hits="8" branch="false"/>
            <line number="188" hits="8" branch="false"/>
            <line number="189" hits="8" branch="false"/>
            <line number="190" hits="8" branch="false"/>
            <line number="191" hits="8" branch="false"/>
            <line number="192" hits="8" branch="false"/>
            <line number="193" hits="8" branch="false"/>
            <line number="194" hits="8" branch="false"/>
            <line number="195" hits="8" branch="false"/>
            <line number="198" hits="8" branch="false"/>
            <line number="199" hits="8" branch="false"/>
            <line number="200" hits="8" branch="false"/>
            <line number="201" hits="8" branch="false"/>
            <line number="202" hits="8" branch="false"/>
            <line number="203" hits="8" branch="false"/>
            <line number="204" hits="8" branch="false"/>
            <line number="205" hits="8" branch="false"/>
            <line number="207" hits="8" branch="false"/>
            <line number="208" hits="8" branch="false"/>
            <line number="209" hits="8" branch="false"/>
            <line number="210" hits="8" branch="false"/>
            <line number="211" hits="8" branch="false"/>
            <line number="212" hits="8" branch="false"/>
            <line number="213" hits="8" branch="false"/>
            <line number="214" hits="8" branch="false"/>
            <line number="215" hits="8" branch="false"/>
            <line number="216" hits="8" branch="false"/>
            <line number="217" hits="8" branch="false"/>
            <line number="218" hits="8" branch="false"/>
            <line number="219" hits="8" branch="false"/>
            <line number="220" hits="8" branch="false"/>
            <line number="221" hits="8" branch="false"/>
            <line number="222" hits="8" branch="false"/>
            <line number="223" hits="8" branch="false"/>
            <line number="224" hits="8" branch="false"/>
            <line number="225" hits="8" branch="false"/>
            <line number="226" hits="8" branch="false"/>
            <line number="227" hits="8" branch="false"/>
            <line number="228" hits="8" branch="false"/>
            <line number="229" hits="8" branch="false"/>
            <line number="230" hits="8" branch="false"/>
            <line number="231" hits="8" branch="false"/>
            <line number="232" hits="8" branch="false"/>
            <line number="233" hits="8" branch="false"/>
            <line number="234" hits="8" branch="false"/>
            <line number="235" hits="8" branch="false"/>
            <line number="236" hits="8" branch="false"/>
            <line number="237" hits="8" branch="false"/>
            <line number="238" hits="8" branch="false"/>
            <line number="239" hits="8" branch="false"/>
            <line number="240" hits="8" branch="false"/>
            <line number="241" hits="8" branch="false"/>
            <line number="242" hits="8" branch="false"/>
            <line number="243" hits="8" branch="false"/>
            <line number="244" hits="8" branch="false"/>
            <line number="245" hits="8" branch="false"/>
            <line number="246" hits="8" branch="false"/>
            <line number="247" hits="8" branch="false"/>
            <line number="248" hits="8" branch="false"/>
            <line number="249" hits="8" branch="false"/>
            <line number="250" hits="8" branch="false"/>
            <line number="251" hits="8" branch="false"/>
            <line number="252" hits="8" branch="false"/>
            <line number="253" hits="8" branch="false"/>
            <line number="254" hits="8" branch="false"/>
            <line number="255" hits="8" branch="false"/>
            <line number="256" hits="8" branch="false"/>
            <line number="257" hits="8" branch="false"/>
            <line number="258" hits="8" branch="false"/>
            <line number="259" hits="8" branch="false"/>
            <line number="260" hits="8" branch="false"/>
            <line number="261" hits="8" branch="false"/>
            <line number="262" hits="8" branch="false"/>
            <line number="263" hits="8" branch="false"/>
            <line number="264" hits="8" branch="false"/>
            <line number="265" hits="8" branch="false"/>
            <line number="266" hits="8" branch="false"/>
            <line number="267" hits="8" branch="false"/>
            <line number="268" hits="8" branch="false"/>
            <line number="269" hits="8" branch="false"/>
            <line number="270" hits="8" branch="false"/>
            <line number="271" hits="8" branch="false"/>
            <line number="272" hits="8" branch="false"/>
            <line number="273" hits="8" branch="false"/>
            <line number="274" hits="8" branch="false"/>
            <line number="275" hits="8" branch="false"/>
            <line number="276" hits="8" branch="false"/>
            <line number="277" hits="8" branch="false"/>
            <line number="278" hits="8" branch="false"/>
            <line number="279" hits="8" branch="false"/>
            <line number="280" hits="8" branch="false"/>
            <line number="282" hits="8" branch="false"/>
            <line number="283" hits="8" branch="false"/>
            <line number="284" hits="8" branch="false"/>
            <line number="285" hits="8" branch="false"/>
            <line number="286" hits="8" branch="false"/>
            <line number="287" hits="8" branch="false"/>
            <line number="288" hits="8" branch="false"/>
            <line number="289" hits="8" branch="false"/>
            <line number="291" hits="8" branch="false"/>
            <line number="292" hits="8" branch="false"/>
            <line number="293" hits="8" branch="false"/>
            <line number="294" hits="8" branch="false"/>
            <line number="295" hits="8" branch="false"/>
            <line number="296" hits="8" branch="false"/>
            <line number="297" hits="8" branch="false"/>
            <line number="298" hits="8" branch="false"/>
            <line number="300" hits="8" branch="false"/>
            <line number="301" hits="8" branch="false"/>
            <line number="302" hits="8" branch="false"/>
            <line number="303" hits="8" branch="false"/>
            <line number="304" hits="8" branch="false"/>
            <line number="305" hits="8" branch="false"/>
            <line number="306" hits="8" branch="false"/>
            <line number="307" hits="8" branch="false"/>
            <line number="308" hits="8" branch="false"/>
            <line number="309" hits="8" branch="false"/>
            <line number="310" hits="8" branch="false"/>
            <line number="311" hits="8" branch="false"/>
            <line number="312" hits="8" branch="false"/>
            <line number="313" hits="8" branch="false"/>
            <line number="314" hits="8" branch="false"/>
            <line number="315" hits="8" branch="false"/>
            <line number="316" hits="8" branch="false"/>
            <line number="317" hits="8" branch="false"/>
            <line number="318" hits="8" branch="false"/>
            <line number="319" hits="8" branch="false"/>
            <line number="320" hits="8" branch="false"/>
            <line number="321" hits="8" branch="false"/>
            <line number="322" hits="8" branch="false"/>
            <line number="323" hits="8" branch="false"/>
            <line number="324" hits="8" branch="false"/>
            <line number="325" hits="8" branch="false"/>
            <line number="326" hits="8" branch="false"/>
            <line number="327" hits="8" branch="false"/>
            <line number="328" hits="8" branch="false"/>
            <line number="329" hits="8" branch="false"/>
            <line number="330" hits="8" branch="false"/>
            <line number="331" hits="8" branch="false"/>
            <line number="332" hits="8" branch="false"/>
            <line number="333" hits="8" branch="false"/>
            <line number="334" hits="8" branch="false"/>
            <line number="335" hits="8" branch="false"/>
            <line number="336" hits="8" branch="false"/>
            <line number="337" hits="8" branch="false"/>
            <line number="338" hits="8" branch="false"/>
            <line number="339" hits="8" branch="false"/>
            <line number="342" hits="8" branch="false"/>
            <line number="343" hits="8" branch="false"/>
            <line number="344" hits="8" branch="false"/>
            <line number="345" hits="8" branch="false"/>
            <line number="346" hits="8" branch="false"/>
            <line number="347" hits="8" branch="false"/>
            <line number="348" hits="8" branch="false"/>
            <line number="350" hits="8" branch="false"/>
            <line number="351" hits="8" branch="false"/>
            <line number="352" hits="8" branch="false"/>
            <line number="353" hits="8" branch="false"/>
            <line number="354" hits="8" branch="false"/>
            <line number="355" hits="8" branch="false"/>
            <line number="356" hits="8" branch="false"/>
            <line number="357" hits="8" branch="false"/>
            <line number="358" hits="8" branch="false"/>
            <line number="359" hits="8" branch="false"/>
            <line number="360" hits="8" branch="false"/>
            <line number="361" hits="8" branch="false"/>
            <line number="362" hits="8" branch="false"/>
            <line number="364" hits="8" branch="false"/>
            <line number="365" hits="8" branch="false"/>
            <line number="366" hits="8" branch="false"/>
            <line number="367" hits="8" branch="false"/>
            <line number="368" hits="8" branch="false"/>
            <line number="369" hits="8" branch="false"/>
            <line number="370" hits="8" branch="false"/>
            <line number="371" hits="8" branch="false"/>
            <line number="372" hits="8" branch="false"/>
            <line number="373" hits="8" branch="false"/>
            <line number="374" hits="8" branch="false"/>
            <line number="375" hits="8" branch="false"/>
            <line number="376" hits="8" branch="false"/>
            <line number="377" hits="8" branch="false"/>
            <line number="378" hits="8" branch="false"/>
            <line number="380" hits="8" branch="false"/>
            <line number="381" hits="8" branch="false"/>
            <line number="382" hits="8" branch="false"/>
            <line number="383" hits="8" branch="false"/>
            <line number="385" hits="8" branch="false"/>
            <line number="386" hits="8" branch="false"/>
            <line number="387" hits="8" branch="false"/>
            <line number="388" hits="8" branch="false"/>
            <line number="389" hits="8" branch="false"/>
            <line number="390" hits="8" branch="false"/>
            <line number="391" hits="8" branch="false"/>
            <line number="392" hits="8" branch="false"/>
            <line number="393" hits="8" branch="false"/>
            <line number="394" hits="8" branch="false"/>
            <line number="395" hits="8" branch="false"/>
            <line number="396" hits="8" branch="false"/>
            <line number="397" hits="8" branch="false"/>
            <line number="398" hits="8" branch="false"/>
            <line number="399" hits="8" branch="false"/>
            <line number="400" hits="8" branch="false"/>
            <line number="401" hits="8" branch="false"/>
            <line number="402" hits="8" branch="false"/>
            <line number="403" hits="8" branch="false"/>
            <line number="404" hits="8" branch="false"/>
            <line number="405" hits="8" branch="false"/>
            <line number="406" hits="8" branch="false"/>
            <line number="407" hits="8" branch="false"/>
            <line number="408" hits="8" branch="false"/>
            <line number="409" hits="8" branch="false"/>
            <line number="410" hits="8" branch="false"/>
            <line number="411" hits="8" branch="false"/>
            <line number="412" hits="8" branch="false"/>
            <line number="413" hits="8" branch="false"/>
            <line number="414" hits="8" branch="false"/>
            <line number="415" hits="8" branch="false"/>
            <line number="416" hits="8" branch="false"/>
            <line number="417" hits="8" branch="false"/>
            <line number="418" hits="8" branch="false"/>
            <line number="419" hits="8" branch="false"/>
            <line number="420" hits="8" branch="false"/>
            <line number="421" hits="8" branch="false"/>
            <line number="422" hits="8" branch="false"/>
            <line number="423" hits="8" branch="false"/>
            <line number="424" hits="8" branch="false"/>
            <line number="425" hits="8" branch="false"/>
            <line number="426" hits="8" branch="false"/>
            <line number="427" hits="8" branch="false"/>
            <line number="428" hits="8" branch="false"/>
            <line number="429" hits="8" branch="false"/>
            <line number="430" hits="8" branch="false"/>
            <line number="431" hits="8" branch="false"/>
            <line number="432" hits="8" branch="false"/>
            <line number="433" hits="8" branch="false"/>
            <line number="434" hits="8" branch="false"/>
            <line number="435" hits="8" branch="false"/>
            <line number="436" hits="8" branch="false"/>
            <line number="437" hits="8" branch="false"/>
            <line number="438" hits="8" branch="false"/>
            <line number="439" hits="8" branch="false"/>
            <line number="440" hits="8" branch="false"/>
            <line number="441" hits="8" branch="false"/>
            <line number="442" hits="8" branch="false"/>
            <line number="445" hits="8" branch="false"/>
            <line number="446" hits="8" branch="false"/>
            <line number="447" hits="8" branch="false"/>
            <line number="449" hits="8" branch="false"/>
            <line number="450" hits="8" branch="false"/>
            <line number="451" hits="8" branch="false"/>
            <line number="452" hits="8" branch="false"/>
            <line number="453" hits="8" branch="false"/>
            <line number="454" hits="8" branch="false"/>
            <line number="455" hits="8" branch="false"/>
            <line number="456" hits="8" branch="false"/>
            <line number="457" hits="8" branch="false"/>
            <line number="458" hits="8" branch="false"/>
            <line number="459" hits="8" branch="false"/>
            <line number="460" hits="8" branch="false"/>
            <line number="461" hits="8" branch="false"/>
            <line number="462" hits="8" branch="false"/>
            <line number="463" hits="8" branch="false"/>
            <line number="464" hits="8" branch="false"/>
            <line number="465" hits="8" branch="false"/>
            <line number="466" hits="8" branch="false"/>
            <line number="467" hits="8" branch="false"/>
            <line number="468" hits="8" branch="false"/>
            <line number="469" hits="8" branch="false"/>
            <line number="470" hits="8" branch="false"/>
            <line number="471" hits="8" branch="false"/>
            <line number="472" hits="8" branch="false"/>
            <line number="473" hits="8" branch="false"/>
            <line number="474" hits="8" branch="false"/>
            <line number="475" hits="8" branch="false"/>
            <line number="476" hits="8" branch="false"/>
            <line number="477" hits="8" branch="false"/>
            <line number="478" hits="8" branch="false"/>
            <line number="479" hits="8" branch="false"/>
            <line number="480" hits="8" branch="false"/>
            <line number="481" hits="8" branch="false"/>
            <line number="483" hits="8" branch="false"/>
            <line number="484" hits="8" branch="false"/>
            <line number="485" hits="8" branch="false"/>
            <line number="486" hits="8" branch="false"/>
            <line number="487" hits="8" branch="false"/>
            <line number="488" hits="8" branch="false"/>
            <line number="489" hits="8" branch="false"/>
            <line number="490" hits="8" branch="false"/>
            <line number="491" hits="8" branch="false"/>
            <line number="492" hits="8" branch="false"/>
            <line number="493" hits="8" branch="false"/>
            <line number="494" hits="8" branch="false"/>
            <line number="495" hits="8" branch="false"/>
            <line number="496" hits="8" branch="false"/>
            <line number="497" hits="8" branch="false"/>
            <line number="498" hits="8" branch="false"/>
            <line number="499" hits="8" branch="false"/>
            <line number="500" hits="8" branch="false"/>
            <line number="501" hits="8" branch="false"/>
            <line number="502" hits="8" branch="false"/>
            <line number="503" hits="8" branch="false"/>
            <line number="504" hits="8" branch="false"/>
            <line number="505" hits="8" branch="false"/>
            <line number="506" hits="8" branch="false"/>
            <line number="507" hits="8" branch="false"/>
            <line number="508" hits="8" branch="false"/>
            <line number="509" hits="8" branch="false"/>
            <line number="510" hits="8" branch="false"/>
            <line number="511" hits="8" branch="false"/>
            <line number="512" hits="8" branch="false"/>
            <line number="513" hits="8" branch="false"/>
            <line number="514" hits="8" branch="false"/>
            <line number="515" hits="8" branch="false"/>
            <line number="516" hits="8" branch="false"/>
            <line number="517" hits="8" branch="false"/>
            <line number="518" hits="8" branch="false"/>
            <line number="519" hits="8" branch="false"/>
            <line number="520" hits="8" branch="false"/>
            <line number="521" hits="8" branch="false"/>
            <line number="522" hits="8" branch="false"/>
            <line number="523" hits="8" branch="false"/>
            <line number="524" hits="8" branch="false"/>
            <line number="525" hits="8" branch="false"/>
            <line number="526" hits="8" branch="false"/>
            <line number="527" hits="8" branch="false"/>
            <line number="528" hits="8" branch="false"/>
            <line number="529" hits="8" branch="false"/>
            <line number="530" hits="8" branch="false"/>
            <line number="531" hits="8" branch="false"/>
            <line number="532" hits="8" branch="false"/>
            <line number="533" hits="8" branch="false"/>
            <line number="534" hits="8" branch="false"/>
            <line number="535" hits="8" branch="false"/>
            <line number="536" hits="8" branch="false"/>
            <line number="537" hits="8" branch="false"/>
            <line number="538" hits="8" branch="false"/>
            <line number="539" hits="8" branch="false"/>
            <line number="540" hits="8" branch="false"/>
            <line number="541" hits="8" branch="false"/>
            <line number="542" hits="8" branch="false"/>
            <line number="543" hits="8" branch="false"/>
            <line number="544" hits="8" branch="false"/>
            <line number="545" hits="8" branch="false"/>
            <line number="546" hits="8" branch="false"/>
            <line number="547" hits="8" branch="false"/>
            <line number="548" hits="8" branch="false"/>
            <line number="549" hits="8" branch="false"/>
            <line number="550" hits="8" branch="false"/>
            <line number="551" hits="8" branch="false"/>
            <line number="552" hits="8" branch="false"/>
            <line number="553" hits="8" branch="false"/>
            <line number="554" hits="8" branch="false"/>
            <line number="555" hits="8" branch="false"/>
            <line number="556" hits="8" branch="false"/>
            <line number="557" hits="8" branch="false"/>
            <line number="558" hits="8" branch="false"/>
            <line number="559" hits="8" branch="false"/>
            <line number="560" hits="8" branch="false"/>
            <line number="561" hits="8" branch="false"/>
            <line number="562" hits="8" branch="false"/>
            <line number="563" hits="8" branch="false"/>
            <line number="564" hits="8" branch="false"/>
            <line number="565" hits="8" branch="false"/>
            <line number="566" hits="8" branch="false"/>
            <line number="567" hits="8" branch="false"/>
            <line number="568" hits="8" branch="false"/>
            <line number="569" hits="8" branch="false"/>
            <line number="570" hits="8" branch="false"/>
            <line number="571" hits="8" branch="false"/>
            <line number="572" hits="8" branch="false"/>
            <line number="573" hits="8" branch="false"/>
            <line number="574" hits="8" branch="false"/>
            <line number="575" hits="8" branch="false"/>
            <line number="576" hits="8" branch="false"/>
            <line number="577" hits="8" branch="false"/>
            <line number="578" hits="8" branch="false"/>
            <line number="579" hits="8" branch="false"/>
            <line number="580" hits="8" branch="false"/>
            <line number="581" hits="8" branch="false"/>
            <line number="582" hits="8" branch="false"/>
            <line number="583" hits="8" branch="false"/>
            <line number="584" hits="8" branch="false"/>
            <line number="585" hits="8" branch="false"/>
            <line number="586" hits="8" branch="false"/>
            <line number="588" hits="8" branch="false"/>
            <line number="589" hits="8" branch="false"/>
            <line number="590" hits="8" branch="false"/>
            <line number="591" hits="8" branch="false"/>
            <line number="592" hits="8" branch="false"/>
            <line number="593" hits="8" branch="false"/>
            <line number="594" hits="8" branch="false"/>
            <line number="595" hits="8" branch="false"/>
            <line number="597" hits="8" branch="false"/>
            <line number="598" hits="0" branch="false"/>
            <line number="599" hits="0" branch="false"/>
            <line number="600" hits="0" branch="false"/>
            <line number="601" hits="0" branch="false"/>
            <line number="602" hits="0" branch="false"/>
            <line number="603" hits="0" branch="false"/>
            <line number="606" hits="8" branch="false"/>
            <line number="607" hits="0" branch="false"/>
            <line number="610" hits="8" branch="false"/>
            <line number="611" hits="8" branch="false"/>
            <line number="612" hits="8" branch="false"/>
            <line number="614" hits="8" branch="false"/>
            <line number="615" hits="1" branch="false"/>
            <line number="616" hits="1" branch="false"/>
            <line number="617" hits="1" branch="false"/>
            <line number="618" hits="1" branch="false"/>
            <line number="619" hits="1" branch="false"/>
            <line number="621" hits="1" branch="false"/>
            <line number="623" hits="7" branch="false"/>
          </lines>
        </class>
        <class name="rfs_update_list.R" filename="R/rfs_update_list.R" line-rate="0.989035087719298" branch-rate="0" complexity="0">
          <methods>
            <method name="rfs_update_list" signature="" line-rate="0.989035087719298" branch-rate="0" complexity="0">
              <lines>
                <line number="50" hits="7" branch="false"/>
                <line number="51" hits="0" branch="false"/>
                <line number="52" hits="0" branch="false"/>
                <line number="53" hits="0" branch="false"/>
                <line number="56" hits="7" branch="false"/>
                <line number="57" hits="1" branch="false"/>
                <line number="58" hits="1" branch="false"/>
                <line number="59" hits="1" branch="false"/>
                <line number="62" hits="6" branch="false"/>
                <line number="63" hits="1" branch="false"/>
                <line number="64" hits="1" branch="false"/>
                <line number="65" hits="1" branch="false"/>
                <line number="68" hits="5" branch="false"/>
                <line number="69" hits="1" branch="false"/>
                <line number="70" hits="1" branch="false"/>
                <line number="71" hits="1" branch="false"/>
                <line number="74" hits="4" branch="false"/>
                <line number="75" hits="0" branch="false"/>
                <line number="79" hits="4" branch="false"/>
                <line number="80" hits="4" branch="false"/>
                <line number="81" hits="4" branch="false"/>
                <line number="82" hits="4" branch="false"/>
                <line number="84" hits="1" branch="false"/>
                <line number="87" hits="3" branch="false"/>
                <line number="88" hits="0" branch="false"/>
                <line number="91" hits="3" branch="false"/>
                <line number="92" hits="3" branch="false"/>
                <line number="95" hits="3" branch="false"/>
                <line number="98" hits="1" branch="false"/>
                <line number="99" hits="1" branch="false"/>
                <line number="100" hits="1" branch="false"/>
                <line number="101" hits="1" branch="false"/>
                <line number="106" hits="3" branch="false"/>
                <line number="107" hits="3" branch="false"/>
                <line number="109" hits="3" branch="false"/>
                <line number="110" hits="3" branch="false"/>
                <line number="111" hits="3" branch="false"/>
                <line number="112" hits="3" branch="false"/>
                <line number="113" hits="3" branch="false"/>
                <line number="115" hits="3" branch="false"/>
                <line number="116" hits="3" branch="false"/>
                <line number="117" hits="3" branch="false"/>
                <line number="119" hits="3" branch="false"/>
                <line number="120" hits="3" branch="false"/>
                <line number="122" hits="3" branch="false"/>
                <line number="123" hits="3" branch="false"/>
                <line number="124" hits="3" branch="false"/>
                <line number="125" hits="3" branch="false"/>
                <line number="126" hits="3" branch="false"/>
                <line number="127" hits="3" branch="false"/>
                <line number="128" hits="3" branch="false"/>
                <line number="129" hits="3" branch="false"/>
                <line number="130" hits="3" branch="false"/>
                <line number="131" hits="3" branch="false"/>
                <line number="132" hits="3" branch="false"/>
                <line number="133" hits="3" branch="false"/>
                <line number="135" hits="3" branch="false"/>
                <line number="137" hits="3" branch="false"/>
                <line number="138" hits="3" branch="false"/>
                <line number="139" hits="3" branch="false"/>
                <line number="140" hits="3" branch="false"/>
                <line number="141" hits="3" branch="false"/>
                <line number="142" hits="3" branch="false"/>
                <line number="144" hits="3" branch="false"/>
                <line number="145" hits="3" branch="false"/>
                <line number="146" hits="3" branch="false"/>
                <line number="147" hits="3" branch="false"/>
                <line number="148" hits="3" branch="false"/>
                <line number="149" hits="3" branch="false"/>
                <line number="150" hits="3" branch="false"/>
                <line number="151" hits="3" branch="false"/>
                <line number="152" hits="3" branch="false"/>
                <line number="153" hits="3" branch="false"/>
                <line number="154" hits="3" branch="false"/>
                <line number="155" hits="3" branch="false"/>
                <line number="156" hits="3" branch="false"/>
                <line number="157" hits="3" branch="false"/>
                <line number="158" hits="3" branch="false"/>
                <line number="159" hits="3" branch="false"/>
                <line number="160" hits="3" branch="false"/>
                <line number="161" hits="3" branch="false"/>
                <line number="162" hits="3" branch="false"/>
                <line number="163" hits="3" branch="false"/>
                <line number="164" hits="3" branch="false"/>
                <line number="165" hits="3" branch="false"/>
                <line number="166" hits="3" branch="false"/>
                <line number="167" hits="3" branch="false"/>
                <line number="168" hits="3" branch="false"/>
                <line number="169" hits="3" branch="false"/>
                <line number="170" hits="3" branch="false"/>
                <line number="171" hits="3" branch="false"/>
                <line number="172" hits="3" branch="false"/>
                <line number="173" hits="3" branch="false"/>
                <line number="174" hits="3" branch="false"/>
                <line number="175" hits="3" branch="false"/>
                <line number="176" hits="3" branch="false"/>
                <line number="177" hits="3" branch="false"/>
                <line number="178" hits="3" branch="false"/>
                <line number="179" hits="3" branch="false"/>
                <line number="180" hits="3" branch="false"/>
                <line number="181" hits="3" branch="false"/>
                <line number="182" hits="3" branch="false"/>
                <line number="183" hits="3" branch="false"/>
                <line number="184" hits="3" branch="false"/>
                <line number="185" hits="3" branch="false"/>
                <line number="186" hits="3" branch="false"/>
                <line number="187" hits="3" branch="false"/>
                <line number="188" hits="3" branch="false"/>
                <line number="189" hits="3" branch="false"/>
                <line number="190" hits="3" branch="false"/>
                <line number="191" hits="3" branch="false"/>
                <line number="192" hits="3" branch="false"/>
                <line number="193" hits="3" branch="false"/>
                <line number="194" hits="3" branch="false"/>
                <line number="195" hits="3" branch="false"/>
                <line number="196" hits="3" branch="false"/>
                <line number="197" hits="3" branch="false"/>
                <line number="198" hits="3" branch="false"/>
                <line number="199" hits="3" branch="false"/>
                <line number="200" hits="3" branch="false"/>
                <line number="201" hits="3" branch="false"/>
                <line number="202" hits="3" branch="false"/>
                <line number="203" hits="3" branch="false"/>
                <line number="204" hits="3" branch="false"/>
                <line number="205" hits="3" branch="false"/>
                <line number="206" hits="3" branch="false"/>
                <line number="207" hits="3" branch="false"/>
                <line number="208" hits="3" branch="false"/>
                <line number="209" hits="3" branch="false"/>
                <line number="211" hits="3" branch="false"/>
                <line number="212" hits="3" branch="false"/>
                <line number="213" hits="3" branch="false"/>
                <line number="214" hits="3" branch="false"/>
                <line number="216" hits="3" branch="false"/>
                <line number="217" hits="3" branch="false"/>
                <line number="218" hits="3" branch="false"/>
                <line number="219" hits="3" branch="false"/>
                <line number="220" hits="3" branch="false"/>
                <line number="221" hits="3" branch="false"/>
                <line number="222" hits="3" branch="false"/>
                <line number="223" hits="3" branch="false"/>
                <line number="224" hits="3" branch="false"/>
                <line number="225" hits="3" branch="false"/>
                <line number="231" hits="3" branch="false"/>
                <line number="232" hits="3" branch="false"/>
                <line number="233" hits="3" branch="false"/>
                <line number="234" hits="3" branch="false"/>
                <line number="235" hits="3" branch="false"/>
                <line number="236" hits="3" branch="false"/>
                <line number="237" hits="3" branch="false"/>
                <line number="238" hits="3" branch="false"/>
                <line number="239" hits="3" branch="false"/>
                <line number="240" hits="3" branch="false"/>
                <line number="241" hits="3" branch="false"/>
                <line number="242" hits="3" branch="false"/>
                <line number="243" hits="3" branch="false"/>
                <line number="244" hits="3" branch="false"/>
                <line number="245" hits="3" branch="false"/>
                <line number="246" hits="3" branch="false"/>
                <line number="247" hits="3" branch="false"/>
                <line number="248" hits="3" branch="false"/>
                <line number="249" hits="3" branch="false"/>
                <line number="250" hits="3" branch="false"/>
                <line number="251" hits="3" branch="false"/>
                <line number="252" hits="3" branch="false"/>
                <line number="253" hits="3" branch="false"/>
                <line number="254" hits="3" branch="false"/>
                <line number="255" hits="3" branch="false"/>
                <line number="256" hits="3" branch="false"/>
                <line number="257" hits="3" branch="false"/>
                <line number="258" hits="3" branch="false"/>
                <line number="261" hits="3" branch="false"/>
                <line number="262" hits="3" branch="false"/>
                <line number="263" hits="3" branch="false"/>
                <line number="264" hits="3" branch="false"/>
                <line number="265" hits="3" branch="false"/>
                <line number="266" hits="3" branch="false"/>
                <line number="267" hits="3" branch="false"/>
[...]
            <line number="188" hits="3" branch="false"/>
            <line number="189" hits="3" branch="false"/>
            <line number="190" hits="3" branch="false"/>
            <line number="191" hits="3" branch="false"/>
            <line number="192" hits="3" branch="false"/>
            <line number="193" hits="3" branch="false"/>
            <line number="194" hits="3" branch="false"/>
            <line number="195" hits="3" branch="false"/>
            <line number="196" hits="3" branch="false"/>
            <line number="197" hits="3" branch="false"/>
            <line number="198" hits="3" branch="false"/>
            <line number="199" hits="3" branch="false"/>
            <line number="200" hits="3" branch="false"/>
            <line number="201" hits="3" branch="false"/>
            <line number="202" hits="3" branch="false"/>
            <line number="203" hits="3" branch="false"/>
            <line number="204" hits="3" branch="false"/>
            <line number="205" hits="3" branch="false"/>
            <line number="206" hits="3" branch="false"/>
            <line number="207" hits="3" branch="false"/>
            <line number="208" hits="3" branch="false"/>
            <line number="209" hits="3" branch="false"/>
            <line number="211" hits="3" branch="false"/>
            <line number="212" hits="3" branch="false"/>
            <line number="213" hits="3" branch="false"/>
            <line number="214" hits="3" branch="false"/>
            <line number="216" hits="3" branch="false"/>
            <line number="217" hits="3" branch="false"/>
            <line number="218" hits="3" branch="false"/>
            <line number="219" hits="3" branch="false"/>
            <line number="220" hits="3" branch="false"/>
            <line number="221" hits="3" branch="false"/>
            <line number="222" hits="3" branch="false"/>
            <line number="223" hits="3" branch="false"/>
            <line number="224" hits="3" branch="false"/>
            <line number="225" hits="3" branch="false"/>
            <line number="231" hits="3" branch="false"/>
            <line number="232" hits="3" branch="false"/>
            <line number="233" hits="3" branch="false"/>
            <line number="234" hits="3" branch="false"/>
            <line number="235" hits="3" branch="false"/>
            <line number="236" hits="3" branch="false"/>
            <line number="237" hits="3" branch="false"/>
            <line number="238" hits="3" branch="false"/>
            <line number="239" hits="3" branch="false"/>
            <line number="240" hits="3" branch="false"/>
            <line number="241" hits="3" branch="false"/>
            <line number="242" hits="3" branch="false"/>
            <line number="243" hits="3" branch="false"/>
            <line number="244" hits="3" branch="false"/>
            <line number="245" hits="3" branch="false"/>
            <line number="246" hits="3" branch="false"/>
            <line number="247" hits="3" branch="false"/>
            <line number="248" hits="3" branch="false"/>
            <line number="249" hits="3" branch="false"/>
            <line number="250" hits="3" branch="false"/>
            <line number="251" hits="3" branch="false"/>
            <line number="252" hits="3" branch="false"/>
            <line number="253" hits="3" branch="false"/>
            <line number="254" hits="3" branch="false"/>
            <line number="255" hits="3" branch="false"/>
            <line number="256" hits="3" branch="false"/>
            <line number="257" hits="3" branch="false"/>
            <line number="258" hits="3" branch="false"/>
            <line number="261" hits="3" branch="false"/>
            <line number="262" hits="3" branch="false"/>
            <line number="263" hits="3" branch="false"/>
            <line number="264" hits="3" branch="false"/>
            <line number="265" hits="3" branch="false"/>
            <line number="266" hits="3" branch="false"/>
            <line number="267" hits="3" branch="false"/>
            <line number="268" hits="3" branch="false"/>
            <line number="269" hits="3" branch="false"/>
            <line number="270" hits="3" branch="false"/>
            <line number="271" hits="3" branch="false"/>
            <line number="272" hits="3" branch="false"/>
            <line number="273" hits="3" branch="false"/>
            <line number="274" hits="3" branch="false"/>
            <line number="275" hits="3" branch="false"/>
            <line number="277" hits="3" branch="false"/>
            <line number="278" hits="3" branch="false"/>
            <line number="279" hits="3" branch="false"/>
            <line number="280" hits="3" branch="false"/>
            <line number="281" hits="3" branch="false"/>
            <line number="282" hits="3" branch="false"/>
            <line number="283" hits="3" branch="false"/>
            <line number="284" hits="3" branch="false"/>
            <line number="285" hits="3" branch="false"/>
            <line number="286" hits="3" branch="false"/>
            <line number="287" hits="3" branch="false"/>
            <line number="288" hits="3" branch="false"/>
            <line number="289" hits="3" branch="false"/>
            <line number="290" hits="3" branch="false"/>
            <line number="291" hits="3" branch="false"/>
            <line number="292" hits="3" branch="false"/>
            <line number="293" hits="3" branch="false"/>
            <line number="294" hits="3" branch="false"/>
            <line number="295" hits="3" branch="false"/>
            <line number="296" hits="3" branch="false"/>
            <line number="297" hits="3" branch="false"/>
            <line number="298" hits="3" branch="false"/>
            <line number="299" hits="3" branch="false"/>
            <line number="300" hits="3" branch="false"/>
            <line number="301" hits="3" branch="false"/>
            <line number="302" hits="3" branch="false"/>
            <line number="303" hits="3" branch="false"/>
            <line number="304" hits="3" branch="false"/>
            <line number="305" hits="3" branch="false"/>
            <line number="306" hits="3" branch="false"/>
            <line number="307" hits="3" branch="false"/>
            <line number="308" hits="3" branch="false"/>
            <line number="309" hits="3" branch="false"/>
            <line number="310" hits="3" branch="false"/>
            <line number="311" hits="3" branch="false"/>
            <line number="312" hits="3" branch="false"/>
            <line number="313" hits="3" branch="false"/>
            <line number="314" hits="3" branch="false"/>
            <line number="315" hits="3" branch="false"/>
            <line number="316" hits="3" branch="false"/>
            <line number="317" hits="3" branch="false"/>
            <line number="318" hits="3" branch="false"/>
            <line number="319" hits="3" branch="false"/>
            <line number="320" hits="3" branch="false"/>
            <line number="321" hits="3" branch="false"/>
            <line number="322" hits="3" branch="false"/>
            <line number="323" hits="3" branch="false"/>
            <line number="324" hits="3" branch="false"/>
            <line number="325" hits="3" branch="false"/>
            <line number="326" hits="3" branch="false"/>
            <line number="327" hits="3" branch="false"/>
            <line number="328" hits="3" branch="false"/>
            <line number="329" hits="3" branch="false"/>
            <line number="330" hits="3" branch="false"/>
            <line number="331" hits="3" branch="false"/>
            <line number="332" hits="3" branch="false"/>
            <line number="333" hits="3" branch="false"/>
            <line number="334" hits="3" branch="false"/>
            <line number="335" hits="3" branch="false"/>
            <line number="336" hits="3" branch="false"/>
            <line number="337" hits="3" branch="false"/>
            <line number="338" hits="3" branch="false"/>
            <line number="339" hits="3" branch="false"/>
            <line number="340" hits="3" branch="false"/>
            <line number="341" hits="3" branch="false"/>
            <line number="342" hits="3" branch="false"/>
            <line number="343" hits="3" branch="false"/>
            <line number="344" hits="3" branch="false"/>
            <line number="345" hits="3" branch="false"/>
            <line number="346" hits="3" branch="false"/>
            <line number="347" hits="3" branch="false"/>
            <line number="348" hits="3" branch="false"/>
            <line number="349" hits="3" branch="false"/>
            <line number="350" hits="3" branch="false"/>
            <line number="351" hits="3" branch="false"/>
            <line number="352" hits="3" branch="false"/>
            <line number="353" hits="3" branch="false"/>
            <line number="354" hits="3" branch="false"/>
            <line number="355" hits="3" branch="false"/>
            <line number="356" hits="3" branch="false"/>
            <line number="357" hits="3" branch="false"/>
            <line number="358" hits="3" branch="false"/>
            <line number="359" hits="3" branch="false"/>
            <line number="360" hits="3" branch="false"/>
            <line number="361" hits="3" branch="false"/>
            <line number="362" hits="3" branch="false"/>
            <line number="363" hits="3" branch="false"/>
            <line number="364" hits="3" branch="false"/>
            <line number="365" hits="3" branch="false"/>
            <line number="366" hits="3" branch="false"/>
            <line number="367" hits="3" branch="false"/>
            <line number="368" hits="3" branch="false"/>
            <line number="369" hits="3" branch="false"/>
            <line number="370" hits="3" branch="false"/>
            <line number="371" hits="3" branch="false"/>
            <line number="372" hits="3" branch="false"/>
            <line number="373" hits="3" branch="false"/>
            <line number="374" hits="3" branch="false"/>
            <line number="375" hits="3" branch="false"/>
            <line number="376" hits="3" branch="false"/>
            <line number="377" hits="3" branch="false"/>
            <line number="378" hits="3" branch="false"/>
            <line number="379" hits="3" branch="false"/>
            <line number="380" hits="3" branch="false"/>
            <line number="381" hits="3" branch="false"/>
            <line number="382" hits="3" branch="false"/>
            <line number="383" hits="3" branch="false"/>
            <line number="384" hits="3" branch="false"/>
            <line number="385" hits="3" branch="false"/>
            <line number="386" hits="3" branch="false"/>
            <line number="387" hits="3" branch="false"/>
            <line number="388" hits="3" branch="false"/>
            <line number="389" hits="3" branch="false"/>
            <line number="390" hits="3" branch="false"/>
            <line number="391" hits="3" branch="false"/>
            <line number="392" hits="3" branch="false"/>
            <line number="393" hits="3" branch="false"/>
            <line number="394" hits="3" branch="false"/>
            <line number="395" hits="3" branch="false"/>
            <line number="396" hits="3" branch="false"/>
            <line number="397" hits="3" branch="false"/>
            <line number="398" hits="3" branch="false"/>
            <line number="399" hits="3" branch="false"/>
            <line number="400" hits="3" branch="false"/>
            <line number="401" hits="3" branch="false"/>
            <line number="402" hits="3" branch="false"/>
            <line number="403" hits="3" branch="false"/>
            <line number="404" hits="3" branch="false"/>
            <line number="405" hits="3" branch="false"/>
            <line number="406" hits="3" branch="false"/>
            <line number="407" hits="3" branch="false"/>
            <line number="408" hits="3" branch="false"/>
            <line number="409" hits="3" branch="false"/>
            <line number="410" hits="3" branch="false"/>
            <line number="411" hits="3" branch="false"/>
            <line number="412" hits="3" branch="false"/>
            <line number="413" hits="3" branch="false"/>
            <line number="414" hits="3" branch="false"/>
            <line number="415" hits="3" branch="false"/>
            <line number="416" hits="3" branch="false"/>
            <line number="417" hits="3" branch="false"/>
            <line number="418" hits="3" branch="false"/>
            <line number="419" hits="3" branch="false"/>
            <line number="421" hits="3" branch="false"/>
            <line number="422" hits="1" branch="false"/>
            <line number="423" hits="1" branch="false"/>
            <line number="425" hits="1" branch="false"/>
            <line number="426" hits="1" branch="false"/>
            <line number="427" hits="1" branch="false"/>
            <line number="428" hits="1" branch="false"/>
            <line number="429" hits="1" branch="false"/>
            <line number="430" hits="1" branch="false"/>
            <line number="431" hits="1" branch="false"/>
            <line number="432" hits="1" branch="false"/>
            <line number="433" hits="1" branch="false"/>
            <line number="434" hits="1" branch="false"/>
            <line number="435" hits="1" branch="false"/>
            <line number="436" hits="1" branch="false"/>
            <line number="437" hits="1" branch="false"/>
            <line number="438" hits="1" branch="false"/>
            <line number="439" hits="1" branch="false"/>
            <line number="440" hits="1" branch="false"/>
            <line number="441" hits="1" branch="false"/>
            <line number="442" hits="1" branch="false"/>
            <line number="443" hits="1" branch="false"/>
            <line number="444" hits="1" branch="false"/>
            <line number="445" hits="1" branch="false"/>
            <line number="446" hits="1" branch="false"/>
            <line number="447" hits="1" branch="false"/>
            <line number="449" hits="1" branch="false"/>
            <line number="450" hits="1" branch="false"/>
            <line number="451" hits="1" branch="false"/>
            <line number="452" hits="1" branch="false"/>
            <line number="455" hits="3" branch="false"/>
            <line number="456" hits="3" branch="false"/>
            <line number="457" hits="3" branch="false"/>
            <line number="458" hits="3" branch="false"/>
            <line number="459" hits="3" branch="false"/>
            <line number="460" hits="3" branch="false"/>
            <line number="461" hits="3" branch="false"/>
            <line number="462" hits="3" branch="false"/>
            <line number="463" hits="3" branch="false"/>
            <line number="464" hits="3" branch="false"/>
            <line number="465" hits="3" branch="false"/>
            <line number="466" hits="3" branch="false"/>
            <line number="467" hits="3" branch="false"/>
            <line number="468" hits="3" branch="false"/>
            <line number="469" hits="3" branch="false"/>
            <line number="470" hits="3" branch="false"/>
            <line number="471" hits="3" branch="false"/>
            <line number="472" hits="3" branch="false"/>
            <line number="473" hits="3" branch="false"/>
            <line number="474" hits="3" branch="false"/>
            <line number="475" hits="3" branch="false"/>
            <line number="476" hits="3" branch="false"/>
            <line number="477" hits="3" branch="false"/>
            <line number="478" hits="3" branch="false"/>
            <line number="479" hits="3" branch="false"/>
            <line number="480" hits="3" branch="false"/>
            <line number="481" hits="3" branch="false"/>
            <line number="482" hits="3" branch="false"/>
            <line number="484" hits="3" branch="false"/>
            <line number="485" hits="1" branch="false"/>
            <line number="486" hits="1" branch="false"/>
            <line number="487" hits="1" branch="false"/>
            <line number="488" hits="1" branch="false"/>
            <line number="489" hits="1" branch="false"/>
            <line number="490" hits="1" branch="false"/>
            <line number="491" hits="1" branch="false"/>
            <line number="492" hits="1" branch="false"/>
            <line number="493" hits="1" branch="false"/>
            <line number="494" hits="1" branch="false"/>
            <line number="495" hits="1" branch="false"/>
            <line number="496" hits="1" branch="false"/>
            <line number="497" hits="2" branch="false"/>
            <line number="498" hits="2" branch="false"/>
            <line number="499" hits="2" branch="false"/>
            <line number="500" hits="2" branch="false"/>
            <line number="501" hits="2" branch="false"/>
            <line number="502" hits="2" branch="false"/>
            <line number="503" hits="2" branch="false"/>
            <line number="504" hits="2" branch="false"/>
            <line number="505" hits="2" branch="false"/>
            <line number="506" hits="2" branch="false"/>
            <line number="507" hits="2" branch="false"/>
            <line number="508" hits="2" branch="false"/>
            <line number="509" hits="2" branch="false"/>
            <line number="512" hits="3" branch="false"/>
            <line number="514" hits="3" branch="false"/>
            <line number="515" hits="3" branch="false"/>
            <line number="516" hits="3" branch="false"/>
            <line number="517" hits="3" branch="false"/>
            <line number="518" hits="3" branch="false"/>
            <line number="519" hits="3" branch="false"/>
            <line number="520" hits="3" branch="false"/>
            <line number="521" hits="3" branch="false"/>
            <line number="523" hits="3" branch="false"/>
            <line number="524" hits="3" branch="false"/>
            <line number="525" hits="3" branch="false"/>
            <line number="526" hits="3" branch="false"/>
            <line number="527" hits="3" branch="false"/>
            <line number="528" hits="3" branch="false"/>
            <line number="529" hits="3" branch="false"/>
            <line number="530" hits="3" branch="false"/>
            <line number="531" hits="3" branch="false"/>
            <line number="532" hits="3" branch="false"/>
            <line number="533" hits="3" branch="false"/>
            <line number="534" hits="3" branch="false"/>
            <line number="535" hits="3" branch="false"/>
            <line number="536" hits="3" branch="false"/>
            <line number="537" hits="3" branch="false"/>
            <line number="538" hits="3" branch="false"/>
            <line number="539" hits="3" branch="false"/>
            <line number="540" hits="3" branch="false"/>
            <line number="541" hits="3" branch="false"/>
            <line number="542" hits="3" branch="false"/>
            <line number="543" hits="3" branch="false"/>
            <line number="544" hits="3" branch="false"/>
            <line number="545" hits="3" branch="false"/>
            <line number="546" hits="3" branch="false"/>
            <line number="547" hits="3" branch="false"/>
            <line number="548" hits="3" branch="false"/>
            <line number="549" hits="3" branch="false"/>
            <line number="550" hits="3" branch="false"/>
            <line number="551" hits="3" branch="false"/>
            <line number="552" hits="3" branch="false"/>
            <line number="553" hits="3" branch="false"/>
            <line number="554" hits="3" branch="false"/>
            <line number="555" hits="3" branch="false"/>
            <line number="557" hits="3" branch="false"/>
          </lines>
        </class>
      </classes>
    </package>
  </packages>
</coverage>
